Exception at PC 0x00007FF869014008
Exception at PC 0x00007FF869014008
Exception at PC 0x00007FF869014008
Exception at PC 0x00007FF869014008
Exception at PC 0x00007FF8006EE132
Attemped to write at address 0x00007FF83BCC4AA4
Printing stacktrace...

[0]  [0x00007FF8006EE132]
[1]  [0x00007FF8006EE132]
[2]  [0x00007FF8006EE194]
[3]  [0x00007FF80033D0D7]
[4]  [0x00007FF800222BCA]
[5]  [0x00007FF800222FD1]
[6]  [0x00007FF8006EEB2F]
[7]  [0x00007FF8005AC19D]
[8]  [0x00007FF8005A5942]
[9]  [0x00007FF8005A5AB5]
[10] (RtlDeactivateActivationContextUnsafeFast+0x1b3) [0x00007FF86CC11493]
[11] (LdrShutdownProcess+0x125) [0x00007FF86CC406B5]
[12] (RtlExitUserProcess+0xb4) [0x00007FF86CC40574]
[13] (ExitProcess+0xa) [0x00007FF86BCCF06A]
[14] (exit+0x75) [0x00007FF86C919B25]
[15] (initterm_e+0x21d) [0x00007FF86C91A16D]
[16]  [0x00000000004014CD]
[17]  [0x000000000040151B]
[18] (BaseThreadInitThunk+0x14) [0x00007FF86BCD1FE4]
[19] (RtlUserThreadStart+0x21) [0x00007FF86CC6EFC1]
Done
