#-----------------------------------------------------------
# Vivado v2017.4 (64-bit)
# SW Build 2086221 on Fri Dec 15 20:55:39 MST 2017
# IP Build 2085800 on Fri Dec 15 22:25:07 MST 2017
# Start of session at: Wed Feb 21 12:24:00 2018
# Process ID: 1332
# Current directory: C:/Users/Jake/Engineering/ZYNQ/PS-MIO
# Command line: vivado.exe -gui_launcher_event rodinguilauncherevent11256 C:\Users\Jake\Engineering\ZYNQ\PS-MIO\PS-MIO.xpr
# Log file: C:/Users/Jake/Engineering/ZYNQ/PS-MIO/vivado.log
# Journal file: C:/Users/Jake/Engineering/ZYNQ/PS-MIO\vivado.jou
#-----------------------------------------------------------
start_gui
open_project C:/Users/Jake/Engineering/ZYNQ/PS-MIO/PS-MIO.xpr
Scanning sources...
Finished scanning sources
INFO: [IP_Flow 19-234] Refreshing IP repositories
INFO: [IP_Flow 19-1704] No user IP repositories specified
INFO: [IP_Flow 19-2313] Loaded Vivado IP repository 'C:/Xilinx/Vivado/2017.4/data/ip'.
open_project: Time (s): cpu = 00:00:17 ; elapsed = 00:00:08 . Memory (MB): peak = 768.934 ; gain = 95.902
open_bd_design {C:/Users/Jake/Engineering/ZYNQ/PS-MIO/PS-MIO.srcs/sources_1/bd/design_1/design_1.bd}
Adding cell -- xilinx.com:ip:processing_system7:5.5 - processing_system7_0
Successfully read diagram <design_1> from BD file <C:/Users/Jake/Engineering/ZYNQ/PS-MIO/PS-MIO.srcs/sources_1/bd/design_1/design_1.bd>
open_bd_design: Time (s): cpu = 00:00:09 ; elapsed = 00:00:08 . Memory (MB): peak = 832.746 ; gain = 60.988
update_compile_order -fileset sources_1
WARNING: [IP_Flow 19-474] Invalid Parameter 'Component_Name'
exit
INFO: [Common 17-206] Exiting Vivado at Wed Feb 21 12:24:59 2018...
