
*** Running vivado
    with args -log design_1_JG_ZYNQ_RGB_Core_0_0.vds -m64 -product Vivado -mode batch -messageDb vivado.pb -notrace -source design_1_JG_ZYNQ_RGB_Core_0_0.tcl


****** Vivado v2017.4 (64-bit)
  **** SW Build 2086221 on Fri Dec 15 20:55:39 MST 2017
  **** IP Build 2085800 on Fri Dec 15 22:25:07 MST 2017
    ** Copyright 1986-2017 Xilinx, Inc. All Rights Reserved.

source design_1_JG_ZYNQ_RGB_Core_0_0.tcl -notrace
Command: synth_design -top design_1_JG_ZYNQ_RGB_Core_0_0 -part xc7z010clg400-1 -mode out_of_context
Starting synth_design
Attempting to get a license for feature 'Synthesis' and/or device 'xc7z010'
INFO: [Common 17-349] Got license for feature 'Synthesis' and/or device 'xc7z010'
INFO: Launching helper process for spawning children vivado processes
INFO: Helper process launched with PID 16040 
---------------------------------------------------------------------------------
Starting RTL Elaboration : Time (s): cpu = 00:00:07 ; elapsed = 00:00:07 . Memory (MB): peak = 358.129 ; gain = 101.703
---------------------------------------------------------------------------------
INFO: [Synth 8-638] synthesizing module 'design_1_JG_ZYNQ_RGB_Core_0_0' [c:/Users/Jake/Engineering/ZYNQ/Custom-PL/Custom-PL.srcs/sources_1/bd/design_1/ip/design_1_JG_ZYNQ_RGB_Core_0_0/synth/design_1_JG_ZYNQ_RGB_Core_0_0.vhd:83]
	Parameter C_S00_AXI_DATA_WIDTH bound to: 32 - type: integer 
	Parameter C_S00_AXI_ADDR_WIDTH bound to: 4 - type: integer 
INFO: [Synth 8-3491] module 'JG_ZYNQ_RGB_Core_v1_0' declared at 'c:/Users/Jake/Engineering/ZYNQ/Custom-PL/Custom-PL.srcs/sources_1/bd/design_1/ipshared/35f5/hdl/JG_ZYNQ_RGB_Core_v1_0.vhd:5' bound to instance 'U0' of component 'JG_ZYNQ_RGB_Core_v1_0' [c:/Users/Jake/Engineering/ZYNQ/Custom-PL/Custom-PL.srcs/sources_1/bd/design_1/ip/design_1_JG_ZYNQ_RGB_Core_0_0/synth/design_1_JG_ZYNQ_RGB_Core_0_0.vhd:149]
INFO: [Synth 8-638] synthesizing module 'JG_ZYNQ_RGB_Core_v1_0' [c:/Users/Jake/Engineering/ZYNQ/Custom-PL/Custom-PL.srcs/sources_1/bd/design_1/ipshared/35f5/hdl/JG_ZYNQ_RGB_Core_v1_0.vhd:49]
	Parameter C_S00_AXI_DATA_WIDTH bound to: 32 - type: integer 
	Parameter C_S00_AXI_ADDR_WIDTH bound to: 4 - type: integer 
	Parameter C_S_AXI_DATA_WIDTH bound to: 32 - type: integer 
	Parameter C_S_AXI_ADDR_WIDTH bound to: 4 - type: integer 
INFO: [Synth 8-3491] module 'JG_ZYNQ_RGB_Core_v1_0_S00_AXI' declared at 'c:/Users/Jake/Engineering/ZYNQ/Custom-PL/Custom-PL.srcs/sources_1/bd/design_1/ipshared/35f5/hdl/JG_ZYNQ_RGB_Core_v1_0_S00_AXI.vhd:6' bound to instance 'JG_ZYNQ_RGB_Core_v1_0_S00_AXI_inst' of component 'JG_ZYNQ_RGB_Core_v1_0_S00_AXI' [c:/Users/Jake/Engineering/ZYNQ/Custom-PL/Custom-PL.srcs/sources_1/bd/design_1/ipshared/35f5/hdl/JG_ZYNQ_RGB_Core_v1_0.vhd:86]
INFO: [Synth 8-638] synthesizing module 'JG_ZYNQ_RGB_Core_v1_0_S00_AXI' [c:/Users/Jake/Engineering/ZYNQ/Custom-PL/Custom-PL.srcs/sources_1/bd/design_1/ipshared/35f5/hdl/JG_ZYNQ_RGB_Core_v1_0_S00_AXI.vhd:87]
	Parameter C_S_AXI_DATA_WIDTH bound to: 32 - type: integer 
	Parameter C_S_AXI_ADDR_WIDTH bound to: 4 - type: integer 
INFO: [Synth 8-226] default block is never used [c:/Users/Jake/Engineering/ZYNQ/Custom-PL/Custom-PL.srcs/sources_1/bd/design_1/ipshared/35f5/hdl/JG_ZYNQ_RGB_Core_v1_0_S00_AXI.vhd:230]
INFO: [Synth 8-226] default block is never used [c:/Users/Jake/Engineering/ZYNQ/Custom-PL/Custom-PL.srcs/sources_1/bd/design_1/ipshared/35f5/hdl/JG_ZYNQ_RGB_Core_v1_0_S00_AXI.vhd:360]
WARNING: [Synth 8-6014] Unused sequential element slv_reg1_reg was removed.  [c:/Users/Jake/Engineering/ZYNQ/Custom-PL/Custom-PL.srcs/sources_1/bd/design_1/ipshared/35f5/hdl/JG_ZYNQ_RGB_Core_v1_0_S00_AXI.vhd:224]
WARNING: [Synth 8-6014] Unused sequential element loc_addr_reg was removed.  [c:/Users/Jake/Engineering/ZYNQ/Custom-PL/Custom-PL.srcs/sources_1/bd/design_1/ipshared/35f5/hdl/JG_ZYNQ_RGB_Core_v1_0_S00_AXI.vhd:228]
INFO: [Synth 8-256] done synthesizing module 'JG_ZYNQ_RGB_Core_v1_0_S00_AXI' (1#1) [c:/Users/Jake/Engineering/ZYNQ/Custom-PL/Custom-PL.srcs/sources_1/bd/design_1/ipshared/35f5/hdl/JG_ZYNQ_RGB_Core_v1_0_S00_AXI.vhd:87]
INFO: [Synth 8-256] done synthesizing module 'JG_ZYNQ_RGB_Core_v1_0' (2#1) [c:/Users/Jake/Engineering/ZYNQ/Custom-PL/Custom-PL.srcs/sources_1/bd/design_1/ipshared/35f5/hdl/JG_ZYNQ_RGB_Core_v1_0.vhd:49]
INFO: [Synth 8-256] done synthesizing module 'design_1_JG_ZYNQ_RGB_Core_0_0' (3#1) [c:/Users/Jake/Engineering/ZYNQ/Custom-PL/Custom-PL.srcs/sources_1/bd/design_1/ip/design_1_JG_ZYNQ_RGB_Core_0_0/synth/design_1_JG_ZYNQ_RGB_Core_0_0.vhd:83]
WARNING: [Synth 8-3331] design JG_ZYNQ_RGB_Core_v1_0_S00_AXI has unconnected port S_AXI_AWPROT[2]
WARNING: [Synth 8-3331] design JG_ZYNQ_RGB_Core_v1_0_S00_AXI has unconnected port S_AXI_AWPROT[1]
WARNING: [Synth 8-3331] design JG_ZYNQ_RGB_Core_v1_0_S00_AXI has unconnected port S_AXI_AWPROT[0]
WARNING: [Synth 8-3331] design JG_ZYNQ_RGB_Core_v1_0_S00_AXI has unconnected port S_AXI_ARPROT[2]
WARNING: [Synth 8-3331] design JG_ZYNQ_RGB_Core_v1_0_S00_AXI has unconnected port S_AXI_ARPROT[1]
WARNING: [Synth 8-3331] design JG_ZYNQ_RGB_Core_v1_0_S00_AXI has unconnected port S_AXI_ARPROT[0]
---------------------------------------------------------------------------------
Finished RTL Elaboration : Time (s): cpu = 00:00:09 ; elapsed = 00:00:09 . Memory (MB): peak = 410.551 ; gain = 154.125
---------------------------------------------------------------------------------

Report Check Netlist: 
+------+------------------+-------+---------+-------+------------------+
|      |Item              |Errors |Warnings |Status |Description       |
+------+------------------+-------+---------+-------+------------------+
|1     |multi_driven_nets |      0|        0|Passed |Multi driven nets |
+------+------------------+-------+---------+-------+------------------+
---------------------------------------------------------------------------------
Finished RTL Optimization Phase 1 : Time (s): cpu = 00:00:09 ; elapsed = 00:00:09 . Memory (MB): peak = 410.551 ; gain = 154.125
---------------------------------------------------------------------------------
INFO: [Device 21-403] Loading part xc7z010clg400-1
INFO: [Project 1-570] Preparing netlist for logic optimization

Processing XDC Constraints
Initializing timing engine
Completed Processing XDC Constraints

INFO: [Project 1-111] Unisim Transformation Summary:
No Unisim elements were transformed.

Constraint Validation Runtime : Time (s): cpu = 00:00:00 ; elapsed = 00:00:00.019 . Memory (MB): peak = 730.688 ; gain = 0.000
---------------------------------------------------------------------------------
Finished Constraint Validation : Time (s): cpu = 00:00:23 ; elapsed = 00:00:25 . Memory (MB): peak = 730.688 ; gain = 474.262
---------------------------------------------------------------------------------
---------------------------------------------------------------------------------
Start Loading Part and Timing Information
---------------------------------------------------------------------------------
Loading part: xc7z010clg400-1
---------------------------------------------------------------------------------
Finished Loading Part and Timing Information : Time (s): cpu = 00:00:23 ; elapsed = 00:00:25 . Memory (MB): peak = 730.688 ; gain = 474.262
---------------------------------------------------------------------------------
---------------------------------------------------------------------------------
Start Applying 'set_property' XDC Constraints
---------------------------------------------------------------------------------
---------------------------------------------------------------------------------
Finished applying 'set_property' XDC Constraints : Time (s): cpu = 00:00:23 ; elapsed = 00:00:25 . Memory (MB): peak = 730.688 ; gain = 474.262
---------------------------------------------------------------------------------
WARNING: [Synth 8-6014] Unused sequential element write_count_reg was removed.  [c:/Users/Jake/Engineering/ZYNQ/Custom-PL/Custom-PL.srcs/sources_1/bd/design_1/ipshared/35f5/hdl/JG_ZYNQ_RGB_Core_v1_0_S00_AXI.vhd:421]
WARNING: [Synth 8-6014] Unused sequential element clk_count_reg was removed.  [c:/Users/Jake/Engineering/ZYNQ/Custom-PL/Custom-PL.srcs/sources_1/bd/design_1/ipshared/35f5/hdl/JG_ZYNQ_RGB_Core_v1_0_S00_AXI.vhd:399]
---------------------------------------------------------------------------------
Finished RTL Optimization Phase 2 : Time (s): cpu = 00:00:24 ; elapsed = 00:00:25 . Memory (MB): peak = 730.688 ; gain = 474.262
---------------------------------------------------------------------------------

Report RTL Partitions: 
+-+--------------+------------+----------+
| |RTL Partition |Replication |Instances |
+-+--------------+------------+----------+
+-+--------------+------------+----------+
---------------------------------------------------------------------------------
Start RTL Component Statistics 
---------------------------------------------------------------------------------
Detailed RTL Component Info : 
+---Adders : 
	   2 Input      3 Bit       Adders := 1     
+---Registers : 
	               32 Bit    Registers := 4     
	                4 Bit    Registers := 2     
	                3 Bit    Registers := 1     
	                2 Bit    Registers := 2     
	                1 Bit    Registers := 7     
+---Muxes : 
	   2 Input     32 Bit        Muxes := 3     
	   4 Input     32 Bit        Muxes := 4     
	   2 Input      1 Bit        Muxes := 6     
---------------------------------------------------------------------------------
Finished RTL Component Statistics 
---------------------------------------------------------------------------------
---------------------------------------------------------------------------------
Start RTL Hierarchical Component Statistics 
---------------------------------------------------------------------------------
Hierarchical RTL Component report 
Module JG_ZYNQ_RGB_Core_v1_0_S00_AXI 
Detailed RTL Component Info : 
+---Adders : 
	   2 Input      3 Bit       Adders := 1     
+---Registers : 
	               32 Bit    Registers := 4     
	                4 Bit    Registers := 2     
	                3 Bit    Registers := 1     
	                2 Bit    Registers := 2     
	                1 Bit    Registers := 7     
+---Muxes : 
	   2 Input     32 Bit        Muxes := 3     
	   4 Input     32 Bit        Muxes := 4     
	   2 Input      1 Bit        Muxes := 6     
---------------------------------------------------------------------------------
Finished RTL Hierarchical Component Statistics
---------------------------------------------------------------------------------
---------------------------------------------------------------------------------
Start Part Resource Summary
---------------------------------------------------------------------------------
Part Resources:
DSPs: 80 (col length:40)
BRAMs: 120 (col length: RAMB18 40 RAMB36 20)
---------------------------------------------------------------------------------
Finished Part Resource Summary
---------------------------------------------------------------------------------
---------------------------------------------------------------------------------
Start Cross Boundary and Area Optimization
---------------------------------------------------------------------------------
WARNING: [Synth 8-6014] Unused sequential element U0/JG_ZYNQ_RGB_Core_v1_0_S00_AXI_inst/clk_count_reg was removed.  [c:/Users/Jake/Engineering/ZYNQ/Custom-PL/Custom-PL.srcs/sources_1/bd/design_1/ipshared/35f5/hdl/JG_ZYNQ_RGB_Core_v1_0_S00_AXI.vhd:399]
WARNING: [Synth 8-6014] Unused sequential element U0/JG_ZYNQ_RGB_Core_v1_0_S00_AXI_inst/write_count_reg was removed.  [c:/Users/Jake/Engineering/ZYNQ/Custom-PL/Custom-PL.srcs/sources_1/bd/design_1/ipshared/35f5/hdl/JG_ZYNQ_RGB_Core_v1_0_S00_AXI.vhd:421]
WARNING: [Synth 8-3331] design design_1_JG_ZYNQ_RGB_Core_0_0 has unconnected port s00_axi_awprot[2]
WARNING: [Synth 8-3331] design design_1_JG_ZYNQ_RGB_Core_0_0 has unconnected port s00_axi_awprot[1]
WARNING: [Synth 8-3331] design design_1_JG_ZYNQ_RGB_Core_0_0 has unconnected port s00_axi_awprot[0]
WARNING: [Synth 8-3331] design design_1_JG_ZYNQ_RGB_Core_0_0 has unconnected port s00_axi_arprot[2]
WARNING: [Synth 8-3331] design design_1_JG_ZYNQ_RGB_Core_0_0 has unconnected port s00_axi_arprot[1]
WARNING: [Synth 8-3331] design design_1_JG_ZYNQ_RGB_Core_0_0 has unconnected port s00_axi_arprot[0]
INFO: [Synth 8-3333] propagating constant 1 across sequential element (\U0/JG_ZYNQ_RGB_Core_v1_0_S00_AXI_inst/aw_en_reg )
INFO: [Synth 8-3886] merging instance 'U0/JG_ZYNQ_RGB_Core_v1_0_S00_AXI_inst/axi_rresp_reg[0]' (FDRE) to 'U0/JG_ZYNQ_RGB_Core_v1_0_S00_AXI_inst/axi_rresp_reg[1]'
INFO: [Synth 8-3333] propagating constant 0 across sequential element (\U0/JG_ZYNQ_RGB_Core_v1_0_S00_AXI_inst/axi_rresp_reg[1] )
INFO: [Synth 8-3886] merging instance 'U0/JG_ZYNQ_RGB_Core_v1_0_S00_AXI_inst/axi_bresp_reg[0]' (FDRE) to 'U0/JG_ZYNQ_RGB_Core_v1_0_S00_AXI_inst/axi_bresp_reg[1]'
INFO: [Synth 8-3333] propagating constant 0 across sequential element (\U0/JG_ZYNQ_RGB_Core_v1_0_S00_AXI_inst/axi_bresp_reg[1] )
INFO: [Synth 8-3332] Sequential element (U0/JG_ZYNQ_RGB_Core_v1_0_S00_AXI_inst/aw_en_reg) is unused and will be removed from module design_1_JG_ZYNQ_RGB_Core_0_0.
INFO: [Synth 8-3332] Sequential element (U0/JG_ZYNQ_RGB_Core_v1_0_S00_AXI_inst/axi_awaddr_reg[1]) is unused and will be removed from module design_1_JG_ZYNQ_RGB_Core_0_0.
INFO: [Synth 8-3332] Sequential element (U0/JG_ZYNQ_RGB_Core_v1_0_S00_AXI_inst/axi_awaddr_reg[0]) is unused and will be removed from module design_1_JG_ZYNQ_RGB_Core_0_0.
INFO: [Synth 8-3332] Sequential element (U0/JG_ZYNQ_RGB_Core_v1_0_S00_AXI_inst/axi_bresp_reg[1]) is unused and will be removed from module design_1_JG_ZYNQ_RGB_Core_0_0.
INFO: [Synth 8-3332] Sequential element (U0/JG_ZYNQ_RGB_Core_v1_0_S00_AXI_inst/axi_araddr_reg[1]) is unused and will be removed from module design_1_JG_ZYNQ_RGB_Core_0_0.
INFO: [Synth 8-3332] Sequential element (U0/JG_ZYNQ_RGB_Core_v1_0_S00_AXI_inst/axi_araddr_reg[0]) is unused and will be removed from module design_1_JG_ZYNQ_RGB_Core_0_0.
INFO: [Synth 8-3332] Sequential element (U0/JG_ZYNQ_RGB_Core_v1_0_S00_AXI_inst/axi_rresp_reg[1]) is unused and will be removed from module design_1_JG_ZYNQ_RGB_Core_0_0.
---------------------------------------------------------------------------------
Finished Cross Boundary and Area Optimization : Time (s): cpu = 00:00:25 ; elapsed = 00:00:26 . Memory (MB): peak = 730.688 ; gain = 474.262
---------------------------------------------------------------------------------

Report RTL Partitions: 
+-+--------------+------------+----------+
| |RTL Partition |Replication |Instances |
+-+--------------+------------+----------+
+-+--------------+------------+----------+
---------------------------------------------------------------------------------
Start Applying XDC Timing Constraints
---------------------------------------------------------------------------------
---------------------------------------------------------------------------------
Finished Applying XDC Timing Constraints : Time (s): cpu = 00:00:38 ; elapsed = 00:00:41 . Memory (MB): peak = 735.676 ; gain = 479.250
---------------------------------------------------------------------------------
---------------------------------------------------------------------------------
Start Timing Optimization
---------------------------------------------------------------------------------
---------------------------------------------------------------------------------
Finished Timing Optimization : Time (s): cpu = 00:00:38 ; elapsed = 00:00:41 . Memory (MB): peak = 735.898 ; gain = 479.473
---------------------------------------------------------------------------------

Report RTL Partitions: 
+-+--------------+------------+----------+
| |RTL Partition |Replication |Instances |
+-+--------------+------------+----------+
+-+--------------+------------+----------+
---------------------------------------------------------------------------------
Start Technology Mapping
---------------------------------------------------------------------------------
---------------------------------------------------------------------------------
Finished Technology Mapping : Time (s): cpu = 00:00:39 ; elapsed = 00:00:41 . Memory (MB): peak = 756.508 ; gain = 500.082
---------------------------------------------------------------------------------

Report RTL Partitions: 
+-+--------------+------------+----------+
| |RTL Partition |Replication |Instances |
+-+--------------+------------+----------+
+-+--------------+------------+----------+
---------------------------------------------------------------------------------
Start IO Insertion
---------------------------------------------------------------------------------
---------------------------------------------------------------------------------
Start Flattening Before IO Insertion
---------------------------------------------------------------------------------
---------------------------------------------------------------------------------
Finished Flattening Before IO Insertion
---------------------------------------------------------------------------------
---------------------------------------------------------------------------------
Start Final Netlist Cleanup
---------------------------------------------------------------------------------
---------------------------------------------------------------------------------
Finished Final Netlist Cleanup
---------------------------------------------------------------------------------
---------------------------------------------------------------------------------
Finished IO Insertion : Time (s): cpu = 00:00:40 ; elapsed = 00:00:42 . Memory (MB): peak = 756.508 ; gain = 500.082
---------------------------------------------------------------------------------

Report Check Netlist: 
+------+------------------+-------+---------+-------+------------------+
|      |Item              |Errors |Warnings |Status |Description       |
+------+------------------+-------+---------+-------+------------------+
|1     |multi_driven_nets |      0|        0|Passed |Multi driven nets |
+------+------------------+-------+---------+-------+------------------+
---------------------------------------------------------------------------------
Start Renaming Generated Instances
---------------------------------------------------------------------------------
---------------------------------------------------------------------------------
Finished Renaming Generated Instances : Time (s): cpu = 00:00:40 ; elapsed = 00:00:42 . Memory (MB): peak = 756.508 ; gain = 500.082
---------------------------------------------------------------------------------

Report RTL Partitions: 
+-+--------------+------------+----------+
| |RTL Partition |Replication |Instances |
+-+--------------+------------+----------+
+-+--------------+------------+----------+
---------------------------------------------------------------------------------
Start Rebuilding User Hierarchy
---------------------------------------------------------------------------------
---------------------------------------------------------------------------------
Finished Rebuilding User Hierarchy : Time (s): cpu = 00:00:40 ; elapsed = 00:00:42 . Memory (MB): peak = 756.508 ; gain = 500.082
---------------------------------------------------------------------------------
---------------------------------------------------------------------------------
Start Renaming Generated Ports
---------------------------------------------------------------------------------
---------------------------------------------------------------------------------
Finished Renaming Generated Ports : Time (s): cpu = 00:00:40 ; elapsed = 00:00:42 . Memory (MB): peak = 756.508 ; gain = 500.082
---------------------------------------------------------------------------------
---------------------------------------------------------------------------------
Start Handling Custom Attributes
---------------------------------------------------------------------------------
---------------------------------------------------------------------------------
Finished Handling Custom Attributes : Time (s): cpu = 00:00:40 ; elapsed = 00:00:42 . Memory (MB): peak = 756.508 ; gain = 500.082
---------------------------------------------------------------------------------
---------------------------------------------------------------------------------
Start Renaming Generated Nets
---------------------------------------------------------------------------------
---------------------------------------------------------------------------------
Finished Renaming Generated Nets : Time (s): cpu = 00:00:40 ; elapsed = 00:00:42 . Memory (MB): peak = 756.508 ; gain = 500.082
---------------------------------------------------------------------------------
---------------------------------------------------------------------------------
Start Writing Synthesis Report
---------------------------------------------------------------------------------

Report BlackBoxes: 
+-+--------------+----------+
| |BlackBox name |Instances |
+-+--------------+----------+
+-+--------------+----------+

Report Cell Usage: 
+------+-------+------+
|      |Cell   |Count |
+------+-------+------+
|1     |CARRY4 |    14|
|2     |LUT1   |     3|
|3     |LUT2   |     3|
|4     |LUT3   |     4|
|5     |LUT4   |    17|
|6     |LUT5   |     4|
|7     |LUT6   |    37|
|8     |FDRE   |   195|
|9     |FDSE   |     2|
+------+-------+------+

Report Instance Areas: 
+------+---------------------------------------+------------------------------+------+
|      |Instance                               |Module                        |Cells |
+------+---------------------------------------+------------------------------+------+
|1     |top                                    |                              |   279|
|2     |  U0                                   |JG_ZYNQ_RGB_Core_v1_0         |   279|
|3     |    JG_ZYNQ_RGB_Core_v1_0_S00_AXI_inst |JG_ZYNQ_RGB_Core_v1_0_S00_AXI |   279|
+------+---------------------------------------+------------------------------+------+
---------------------------------------------------------------------------------
Finished Writing Synthesis Report : Time (s): cpu = 00:00:40 ; elapsed = 00:00:42 . Memory (MB): peak = 756.508 ; gain = 500.082
---------------------------------------------------------------------------------
Synthesis finished with 0 errors, 0 critical warnings and 10 warnings.
Synthesis Optimization Runtime : Time (s): cpu = 00:00:24 ; elapsed = 00:00:34 . Memory (MB): peak = 756.508 ; gain = 179.945
Synthesis Optimization Complete : Time (s): cpu = 00:00:40 ; elapsed = 00:00:42 . Memory (MB): peak = 756.508 ; gain = 500.082
INFO: [Project 1-571] Translating synthesized netlist
INFO: [Netlist 29-17] Analyzing 14 Unisim elements for replacement
INFO: [Netlist 29-28] Unisim Transformation completed in 0 CPU seconds
INFO: [Project 1-570] Preparing netlist for logic optimization
INFO: [Opt 31-138] Pushed 0 inverter(s) to 0 load pin(s).
INFO: [Project 1-111] Unisim Transformation Summary:
No Unisim elements were transformed.

INFO: [Common 17-83] Releasing license: Synthesis
33 Infos, 18 Warnings, 0 Critical Warnings and 0 Errors encountered.
synth_design completed successfully
synth_design: Time (s): cpu = 00:00:42 ; elapsed = 00:00:45 . Memory (MB): peak = 757.070 ; gain = 512.117
INFO: [Common 17-1381] The checkpoint 'C:/Users/Jake/Engineering/ZYNQ/Custom-PL/Custom-PL.runs/design_1_JG_ZYNQ_RGB_Core_0_0_synth_1/design_1_JG_ZYNQ_RGB_Core_0_0.dcp' has been generated.
