#-----------------------------------------------------------
# Vivado v2017.4 (64-bit)
# SW Build 2086221 on Fri Dec 15 20:55:39 MST 2017
# IP Build 2085800 on Fri Dec 15 22:25:07 MST 2017
# Start of session at: Fri Mar  2 23:48:16 2018
# Process ID: 324
# Current directory: C:/Users/Jake/Engineering/ZYNQ/Custom-PL
# Command line: vivado.exe -gui_launcher_event rodinguilauncherevent4788 C:\Users\Jake\Engineering\ZYNQ\Custom-PL\Custom-PL.xpr
# Log file: C:/Users/Jake/Engineering/ZYNQ/Custom-PL/vivado.log
# Journal file: C:/Users/Jake/Engineering/ZYNQ/Custom-PL\vivado.jou
#-----------------------------------------------------------
start_gui
open_project C:/Users/Jake/Engineering/ZYNQ/Custom-PL/Custom-PL.xpr
Scanning sources...
Finished scanning sources
WARNING: [filemgmt 56-3] IP Repository Path: Could not find the directory 'C:/Users/Jake/Engineering/ZYNQ/ip_repo/JG_ZYNQ_RGB_Core_1.0'.
WARNING: [filemgmt 56-3] IP Repository Path: Could not find the directory 'C:/Users/Jake/Engineering/ZYNQ/ip_repo/JG_Adder_Core_1.0'.
INFO: [IP_Flow 19-234] Refreshing IP repositories
WARNING: [IP_Flow 19-2248] Failed to load user IP repository 'c:/Users/Jake/Engineering/ZYNQ/ip_repo/JG_ZYNQ_RGB_Core_1.0'; Can't find the specified path.
If this directory should no longer be in your list of user repositories, go to the IP Settings dialog and remove it.
WARNING: [IP_Flow 19-2248] Failed to load user IP repository 'c:/Users/Jake/Engineering/ZYNQ/ip_repo/JG_Adder_Core_1.0'; Can't find the specified path.
If this directory should no longer be in your list of user repositories, go to the IP Settings dialog and remove it.
INFO: [IP_Flow 19-2313] Loaded Vivado IP repository 'C:/Xilinx/Vivado/2017.4/data/ip'.
WARNING: [BD 41-1661] One or more IPs have been locked in the design 'design_1.bd'. Please run report_ip_status for more details and recommendations on how to fix this issue.
List of locked IPs:
design_1_JG_ZYNQ_RGB_Core_0_0

open_project: Time (s): cpu = 00:00:17 ; elapsed = 00:00:09 . Memory (MB): peak = 790.621 ; gain = 119.848
update_compile_order -fileset sources_1
open_bd_design {C:/Users/Jake/Engineering/ZYNQ/Custom-PL/Custom-PL.srcs/sources_1/bd/design_1/design_1.bd}
Adding cell -- xilinx.com:ip:processing_system7:5.5 - processing_system7_0
Adding cell -- xilinx.com:ip:proc_sys_reset:5.0 - rst_ps7_0_50M
Adding cell -- xilinx.com:user:JG_ZYNQ_RGB_Core:1.0 - JG_ZYNQ_RGB_Core_0
Adding cell -- xilinx.com:ip:axi_protocol_converter:2.1 - auto_pc
Successfully read diagram <design_1> from BD file <C:/Users/Jake/Engineering/ZYNQ/Custom-PL/Custom-PL.srcs/sources_1/bd/design_1/design_1.bd>
open_bd_design: Time (s): cpu = 00:00:11 ; elapsed = 00:00:09 . Memory (MB): peak = 879.070 ; gain = 78.070
delete_bd_objs [get_bd_intf_nets ps7_0_axi_periph_M00_AXI] [get_bd_nets JG_ZYNQ_RGB_Core_0_rgb_out] [get_bd_cells JG_ZYNQ_RGB_Core_0]
set_property  ip_repo_paths  c:/Users/Jake/Engineering/ZYNQ/ip_repo/JG_Adder_Core_1.0 [current_project]
update_ip_catalog
INFO: [IP_Flow 19-234] Refreshing IP repositories
WARNING: [IP_Flow 19-2248] Failed to load user IP repository 'c:/Users/Jake/Engineering/ZYNQ/ip_repo/JG_Adder_Core_1.0'; Can't find the specified path.
If this directory should no longer be in your list of user repositories, go to the IP Settings dialog and remove it.
set_property  ip_repo_paths  {} [current_project]
update_ip_catalog
INFO: [IP_Flow 19-234] Refreshing IP repositories
INFO: [IP_Flow 19-1704] No user IP repositories specified
save_bd_design
Wrote  : <C:/Users/Jake/Engineering/ZYNQ/Custom-PL/Custom-PL.srcs/sources_1/bd/design_1/design_1.bd> 
Wrote  : <C:/Users/Jake/Engineering/ZYNQ/Custom-PL/Custom-PL.srcs/sources_1/bd/design_1/ui/bd_1f5defd0.ui> 
exit
INFO: [Common 17-206] Exiting Vivado at Sat Mar  3 00:05:38 2018...
