11:07:29 INFO  : Registering command handlers for SDK TCF services
11:07:30 INFO  : Launching XSCT server: xsct.bat -interactive C:\Users\Jake\Engineering\ZYNQ\AES\AES.sdk\temp_xsdb_launch_script.tcl
11:07:34 INFO  : XSCT server has started successfully.
11:07:35 INFO  : Successfully done setting XSCT server connection channel  
11:07:35 INFO  : Successfully done setting SDK workspace  
11:07:35 INFO  : Processing command line option -hwspec C:/Users/Jake/Engineering/ZYNQ/AES/AES.sdk/design_1_wrapper.hdf.
11:09:32 INFO  : Invoking Bootgen: bootgen -image output.bif -arch zynq -o C:\Users\Jake\Engineering\ZYNQ\AES\AES.sdk\AES\bootimage\BOOT.bin
11:09:32 INFO  : Creating new bif file C:\Users\Jake\Engineering\ZYNQ\AES\AES.sdk\AES\bootimage\output.bif
11:09:34 INFO  : Bootgen command execution is done.
11:14:54 INFO  : Invoking Bootgen: bootgen -image output.bif -arch zynq -o C:\Users\Jake\Engineering\ZYNQ\AES\AES.sdk\AES\bootimage\BOOT.bin -w on
11:14:54 INFO  : Overwriting existing bif file C:\Users\Jake\Engineering\ZYNQ\AES\AES.sdk\AES\bootimage\output.bif
11:14:56 INFO  : Bootgen command execution is done.
11:45:23 INFO  : Registering command handlers for SDK TCF services
11:45:24 INFO  : Launching XSCT server: xsct.bat -interactive C:\Users\Jake\Engineering\ZYNQ\AES\AES.sdk\temp_xsdb_launch_script.tcl
11:45:27 INFO  : XSCT server has started successfully.
11:45:27 INFO  : Successfully done setting XSCT server connection channel  
11:45:28 INFO  : Successfully done setting SDK workspace  
11:45:28 INFO  : Processing command line option -hwspec C:/Users/Jake/Engineering/ZYNQ/AES/AES.sdk/design_1_wrapper.hdf.
11:45:28 INFO  : Checking for hwspec changes in the project design_1_wrapper_hw_platform_0.
11:45:32 INFO  : SDK has detected change in the last modified timestamps for source hardware specification file Source:1518972283631,  Project:1518970006484
11:45:32 INFO  : The hardware specification for project 'design_1_wrapper_hw_platform_0' is different from C:/Users/Jake/Engineering/ZYNQ/AES/AES.sdk/design_1_wrapper.hdf.
11:45:32 INFO  : Copied contents of C:/Users/Jake/Engineering/ZYNQ/AES/AES.sdk/design_1_wrapper.hdf into \design_1_wrapper_hw_platform_0\system.hdf.
11:45:36 INFO  : Synchronizing projects in the workspace with the hardware platform specification changes.
11:45:39 INFO  : 
11:45:40 INFO  : Updating hardware inferred compiler options for AES.
11:45:40 INFO  : Clearing existing target manager status.
11:45:40 WARN  : Given IPC port value is invalid. Using default port 2350
11:45:40 WARN  : Given XMD timeout value is invalid. Using default value of 50000
11:45:43 WARN  : Given XMD transaction timeout value is invalid. Using default value of 60000 milli seconds
11:50:01 ERROR : Unexpected error while parsing XMD response ?: com.google.gson.JsonSyntaxException: com.google.gson.stream.MalformedJsonException: invalid number or unquoted string near 
16:57:31 INFO  : Launching XSCT server: xsct.bat -interactive C:\Users\Jake\Engineering\ZYNQ\AES\AES.sdk\temp_xsdb_launch_script.tcl
16:57:34 INFO  : XSCT server has started successfully.
16:57:34 INFO  : Successfully done setting XSCT server connection channel  
16:57:37 INFO  : Successfully done setting SDK workspace  
16:57:39 INFO  : Registering command handlers for SDK TCF services
16:57:41 INFO  : Processing command line option -hwspec C:/Users/Jake/Engineering/ZYNQ/AES/AES.sdk/design_1_wrapper.hdf.
16:57:41 INFO  : Checking for hwspec changes in the project design_1_wrapper_hw_platform_0.
16:57:41 INFO  : SDK has detected change in the last modified timestamps for source hardware specification file Source:1518991019287,  Project:1518972283631
16:57:41 INFO  : The hardware specification for project 'design_1_wrapper_hw_platform_0' is different from C:/Users/Jake/Engineering/ZYNQ/AES/AES.sdk/design_1_wrapper.hdf.
16:57:41 INFO  : Copied contents of C:/Users/Jake/Engineering/ZYNQ/AES/AES.sdk/design_1_wrapper.hdf into \design_1_wrapper_hw_platform_0\system.hdf.
16:57:44 INFO  : Synchronizing projects in the workspace with the hardware platform specification changes.
16:57:45 INFO  : Clearing existing target manager status.
16:57:45 WARN  : Given IPC port value is invalid. Using default port 2350
16:57:45 WARN  : Given XMD timeout value is invalid. Using default value of 50000
16:57:47 WARN  : Given XMD transaction timeout value is invalid. Using default value of 60000 milli seconds
16:57:47 INFO  : Workspace synchronized with the new hardware specification file. Cleaning dependent projects...
16:57:47 WARN  : Linker script will not be updated automatically. Users need to update it manually.
17:06:32 INFO  : Invoking Bootgen: bootgen -image output.bif -arch zynq -o C:\Users\Jake\Engineering\ZYNQ\AES\AES.sdk\AES\bootimage\BOOT.bin
17:06:32 INFO  : Creating new bif file C:\Users\Jake\Engineering\ZYNQ\AES\AES.sdk\AES\bootimage\output.bif
17:06:33 INFO  : Bootgen command execution is done.
17:15:01 INFO  : Example project AES_bsp_xgpiops_polled_example_1 has been created successfully.
17:22:24 INFO  : Invoking Bootgen: bootgen -image output.bif -arch zynq -o C:\Users\Jake\Engineering\ZYNQ\AES\AES.sdk\AES\bootimage\BOOT.bin -w on
17:22:24 INFO  : Overwriting existing bif file C:\Users\Jake\Engineering\ZYNQ\AES\AES.sdk\AES\bootimage\output.bif
17:22:25 INFO  : Bootgen command execution is done.
17:25:01 INFO  : Invoking Bootgen: bootgen -image output.bif -arch zynq -o C:\Users\Jake\Engineering\ZYNQ\AES\AES.sdk\AES\bootimage\BOOT.bin -w on
17:25:01 INFO  : Overwriting existing bif file C:\Users\Jake\Engineering\ZYNQ\AES\AES.sdk\AES\bootimage\output.bif
17:25:02 INFO  : Bootgen command execution is done.
17:30:38 INFO  : Invoking Bootgen: bootgen -image output.bif -arch zynq -o C:\Users\Jake\Engineering\ZYNQ\AES\AES.sdk\AES\bootimage\BOOT.bin -w on
17:30:38 INFO  : Overwriting existing bif file C:\Users\Jake\Engineering\ZYNQ\AES\AES.sdk\AES\bootimage\output.bif
17:30:40 INFO  : Bootgen command execution is done.
17:45:14 INFO  : Invoking Bootgen: bootgen -image output.bif -arch zynq -o C:\Users\Jake\Engineering\ZYNQ\AES\AES.sdk\AES\bootimage\BOOT.bin -w on
17:45:14 INFO  : Overwriting existing bif file C:\Users\Jake\Engineering\ZYNQ\AES\AES.sdk\AES\bootimage\output.bif
17:45:16 INFO  : Bootgen command execution is done.
17:46:55 INFO  : Invoking Bootgen: bootgen -image output.bif -arch zynq -o C:\Users\Jake\Engineering\ZYNQ\AES\AES.sdk\AES\bootimage\BOOT.bin -w on
17:46:55 INFO  : Overwriting existing bif file C:\Users\Jake\Engineering\ZYNQ\AES\AES.sdk\AES\bootimage\output.bif
17:46:56 INFO  : Bootgen command execution is done.
17:51:08 INFO  : Invoking Bootgen: bootgen -image output.bif -arch zynq -o C:\Users\Jake\Engineering\ZYNQ\AES\AES.sdk\AES\bootimage\BOOT.bin -w on
17:51:08 INFO  : Overwriting existing bif file C:\Users\Jake\Engineering\ZYNQ\AES\AES.sdk\AES\bootimage\output.bif
17:51:10 INFO  : Bootgen command execution is done.
17:52:27 ERROR : Unexpected error while parsing XMD response ?: com.google.gson.JsonSyntaxException: com.google.gson.stream.MalformedJsonException: invalid number or unquoted string near 
17:53:26 INFO  : Registering command handlers for SDK TCF services
17:53:27 INFO  : Launching XSCT server: xsct.bat -interactive C:\Users\Jake\Engineering\ZYNQ\PS-MIO\PS-MIO.sdk\temp_xsdb_launch_script.tcl
01:05:28 INFO  : Registering command handlers for SDK TCF services
01:05:29 INFO  : Launching XSCT server: xsct.bat -interactive C:\Users\Jake\Engineering\ZYNQ\PS-MIO\PS-MIO.sdk\temp_xsdb_launch_script.tcl
01:05:33 INFO  : XSCT server has started successfully.
01:05:34 INFO  : Processing command line option -hwspec C:/Users/Jake/Engineering/ZYNQ/PS-MIO/PS-MIO.sdk/design_1_wrapper.hdf.
01:05:34 INFO  : Successfully done setting XSCT server connection channel  
01:05:34 INFO  : Successfully done setting SDK workspace  
