21:38:58 INFO  : Registering command handlers for SDK TCF services
21:38:59 INFO  : Launching XSCT server: xsct.bat -interactive C:\Users\Jake\Engineering\ZYNQ\Custom-PL\Custom-PL.sdk\temp_xsdb_launch_script.tcl
21:39:03 INFO  : XSCT server has started successfully.
21:39:04 INFO  : Successfully done setting XSCT server connection channel  
21:39:04 INFO  : Successfully done setting SDK workspace  
21:39:04 INFO  : Processing command line option -hwspec C:/Users/Jake/Engineering/ZYNQ/Custom-PL/Custom-PL.sdk/design_1_wrapper.hdf.
22:14:57 INFO  : Invoking Bootgen: bootgen -image custom-pl.bif -arch zynq -o C:\Users\Jake\Engineering\ZYNQ\Custom-PL\Custom-PL.sdk\custom-pl\bootimage\BOOT.bin
22:14:57 INFO  : Creating new bif file C:\Users\Jake\Engineering\ZYNQ\Custom-PL\Custom-PL.sdk\custom-pl\bootimage\custom-pl.bif
22:14:59 INFO  : Bootgen command execution is done.
02:35:16 INFO  : Registering command handlers for SDK TCF services
02:35:17 INFO  : Launching XSCT server: xsct.bat -interactive C:\Users\Jake\Engineering\ZYNQ\Custom-PL\Custom-PL.sdk\temp_xsdb_launch_script.tcl
02:35:20 INFO  : XSCT server has started successfully.
02:35:21 INFO  : Successfully done setting XSCT server connection channel  
02:35:21 INFO  : Successfully done setting SDK workspace  
02:35:21 INFO  : Processing command line option -hwspec C:/Users/Jake/Engineering/ZYNQ/Custom-PL/Custom-PL.sdk/design_1_wrapper.hdf.
02:35:21 INFO  : Checking for hwspec changes in the project design_1_wrapper_hw_platform_0.
02:35:24 INFO  : SDK has detected change in the last modified timestamps for source hardware specification file Source:1519457673693,  Project:1519373784177
02:35:24 INFO  : The hardware specification for project 'design_1_wrapper_hw_platform_0' is different from C:/Users/Jake/Engineering/ZYNQ/Custom-PL/Custom-PL.sdk/design_1_wrapper.hdf.
02:35:24 INFO  : Copied contents of C:/Users/Jake/Engineering/ZYNQ/Custom-PL/Custom-PL.sdk/design_1_wrapper.hdf into \design_1_wrapper_hw_platform_0\system.hdf.
02:35:34 INFO  : Synchronizing projects in the workspace with the hardware platform specification changes.
02:35:37 INFO  : 
02:35:38 INFO  : Updating hardware inferred compiler options for custom-pl.
02:35:39 INFO  : Updating hardware inferred compiler options for fsbl.
02:35:39 INFO  : Clearing existing target manager status.
02:35:39 WARN  : Given IPC port value is invalid. Using default port 2350
02:35:39 WARN  : Given XMD timeout value is invalid. Using default value of 50000
02:35:41 WARN  : Given XMD transaction timeout value is invalid. Using default value of 60000 milli seconds
02:40:05 INFO  : Invoking Bootgen: bootgen -image custom-pl.bif -arch zynq -o C:\Users\Jake\Engineering\ZYNQ\Custom-PL\Custom-PL.sdk\custom-pl\bootimage\BOOT.bin -w on
02:40:07 INFO  : Bootgen command execution is done.
02:43:03 INFO  : Invoking Bootgen: bootgen -image custom-pl.bif -arch zynq -o C:\Users\Jake\Engineering\ZYNQ\Custom-PL\Custom-PL.sdk\custom-pl\bootimage\BOOT.bin -w on
02:43:05 INFO  : Bootgen command execution is done.
02:51:01 ERROR : Unexpected error while parsing XMD response ?: com.google.gson.JsonSyntaxException: com.google.gson.stream.MalformedJsonException: invalid number or unquoted string near 
02:56:56 INFO  : Registering command handlers for SDK TCF services
02:56:57 INFO  : Launching XSCT server: xsct.bat -interactive C:\Users\Jake\Engineering\ZYNQ\Custom-PL\Custom-PL.sdk\temp_xsdb_launch_script.tcl
02:57:01 INFO  : XSCT server has started successfully.
02:57:02 INFO  : Processing command line option -hwspec C:/Users/Jake/Engineering/ZYNQ/Custom-PL/Custom-PL.sdk/design_1_wrapper.hdf.
02:57:02 INFO  : Successfully done setting XSCT server connection channel  
02:57:02 INFO  : Checking for hwspec changes in the project design_1_wrapper_hw_platform_0.
02:57:05 INFO  : SDK has detected change in the last modified timestamps for source hardware specification file Source:1519458931960,  Project:1519457673693
02:57:05 INFO  : The hardware specification for project 'design_1_wrapper_hw_platform_0' is different from C:/Users/Jake/Engineering/ZYNQ/Custom-PL/Custom-PL.sdk/design_1_wrapper.hdf.
02:57:05 INFO  : Successfully done setting SDK workspace  
02:57:06 INFO  : Copied contents of C:/Users/Jake/Engineering/ZYNQ/Custom-PL/Custom-PL.sdk/design_1_wrapper.hdf into \design_1_wrapper_hw_platform_0\system.hdf.
02:57:13 INFO  : Synchronizing projects in the workspace with the hardware platform specification changes.
02:57:16 INFO  : 
02:57:16 INFO  : Updating hardware inferred compiler options for custom-pl.
02:57:17 INFO  : Updating hardware inferred compiler options for fsbl.
02:57:17 INFO  : Clearing existing target manager status.
02:57:17 WARN  : Given IPC port value is invalid. Using default port 2350
02:57:17 WARN  : Given XMD timeout value is invalid. Using default value of 50000
02:57:19 WARN  : Given XMD transaction timeout value is invalid. Using default value of 60000 milli seconds
02:57:38 INFO  : Invoking Bootgen: bootgen -image custom-pl.bif -arch zynq -o C:\Users\Jake\Engineering\ZYNQ\Custom-PL\Custom-PL.sdk\custom-pl\bootimage\BOOT.bin -w on
02:57:40 INFO  : Bootgen command execution is done.
02:58:34 INFO  : Invoking Bootgen: bootgen -image custom-pl.bif -arch zynq -o C:\Users\Jake\Engineering\ZYNQ\Custom-PL\Custom-PL.sdk\custom-pl\bootimage\BOOT.bin -w on
02:58:36 INFO  : Bootgen command execution is done.
02:59:33 ERROR : Unexpected error while parsing XMD response ?: com.google.gson.JsonSyntaxException: com.google.gson.stream.MalformedJsonException: invalid number or unquoted string near 
00:41:42 INFO  : Registering command handlers for SDK TCF services
00:41:43 INFO  : Launching XSCT server: xsct.bat -interactive C:\Users\Jake\Engineering\ZYNQ\Custom-PL\Custom-PL.sdk\temp_xsdb_launch_script.tcl
00:41:47 INFO  : XSCT server has started successfully.
00:41:48 INFO  : Successfully done setting XSCT server connection channel  
00:41:48 INFO  : Successfully done setting SDK workspace  
00:41:48 INFO  : Processing command line option -hwspec C:/Users/Jake/Engineering/ZYNQ/Custom-PL/Custom-PL.sdk/design_1_wrapper.hdf.
00:41:48 INFO  : Checking for hwspec changes in the project design_1_wrapper_hw_platform_0.
00:41:51 INFO  : SDK has detected change in the last modified timestamps for source hardware specification file Source:1520055661648,  Project:1519458931960
00:41:51 INFO  : The hardware specification for project 'design_1_wrapper_hw_platform_0' is different from C:/Users/Jake/Engineering/ZYNQ/Custom-PL/Custom-PL.sdk/design_1_wrapper.hdf.
00:41:51 INFO  : Copied contents of C:/Users/Jake/Engineering/ZYNQ/Custom-PL/Custom-PL.sdk/design_1_wrapper.hdf into \design_1_wrapper_hw_platform_0\system.hdf.
00:42:00 INFO  : Synchronizing projects in the workspace with the hardware platform specification changes.
00:42:03 INFO  : 
00:42:03 INFO  : Updating hardware inferred compiler options for custom-pl.
00:42:04 INFO  : Updating hardware inferred compiler options for fsbl.
00:42:04 INFO  : Clearing existing target manager status.
00:42:04 WARN  : Given IPC port value is invalid. Using default port 2350
00:42:04 WARN  : Given XMD timeout value is invalid. Using default value of 50000
00:42:07 WARN  : Given XMD transaction timeout value is invalid. Using default value of 60000 milli seconds
00:42:22 ERROR : Unexpected error while parsing XMD response ?: com.google.gson.JsonSyntaxException: com.google.gson.stream.MalformedJsonException: invalid number or unquoted string near 
