#-----------------------------------------------------------
# Vivado v2017.4 (64-bit)
# SW Build 2086221 on Fri Dec 15 20:55:39 MST 2017
# IP Build 2085800 on Fri Dec 15 22:25:07 MST 2017
# Start of session at: Sat Mar  3 00:55:17 2018
# Process ID: 5404
# Current directory: C:/Users/Jake/Engineering/ZYNQ/ZYNQ-Template
# Command line: vivado.exe -gui_launcher_event rodinguilauncherevent9432 C:\Users\Jake\Engineering\ZYNQ\ZYNQ-Template\ZYNQ-Template.xpr
# Log file: C:/Users/Jake/Engineering/ZYNQ/ZYNQ-Template/vivado.log
# Journal file: C:/Users/Jake/Engineering/ZYNQ/ZYNQ-Template\vivado.jou
#-----------------------------------------------------------
start_gui
open_project C:/Users/Jake/Engineering/ZYNQ/ZYNQ-Template/ZYNQ-Template.xpr
Scanning sources...
Finished scanning sources
WARNING: [filemgmt 56-3] IP Repository Path: Could not find the directory 'C:/Users/Jake/Engineering/ZYNQ/ip_repo/JG_Adder_Core_1.0'.
INFO: [IP_Flow 19-234] Refreshing IP repositories
WARNING: [IP_Flow 19-2248] Failed to load user IP repository 'c:/Users/Jake/Engineering/ZYNQ/ip_repo/JG_Adder_Core_1.0'; Can't find the specified path.
If this directory should no longer be in your list of user repositories, go to the IP Settings dialog and remove it.
INFO: [IP_Flow 19-2313] Loaded Vivado IP repository 'C:/Xilinx/Vivado/2017.4/data/ip'.
open_project: Time (s): cpu = 00:00:12 ; elapsed = 00:00:06 . Memory (MB): peak = 762.094 ; gain = 85.891
update_compile_order -fileset sources_1
open_bd_design {C:/Users/Jake/Engineering/ZYNQ/ZYNQ-Template/ZYNQ-Template.srcs/sources_1/bd/design_1/design_1.bd}
Adding cell -- xilinx.com:ip:processing_system7:5.5 - processing_system7_0
Successfully read diagram <design_1> from BD file <C:/Users/Jake/Engineering/ZYNQ/ZYNQ-Template/ZYNQ-Template.srcs/sources_1/bd/design_1/design_1.bd>
open_bd_design: Time (s): cpu = 00:00:10 ; elapsed = 00:00:07 . Memory (MB): peak = 821.738 ; gain = 42.473
exit
INFO: [Common 17-206] Exiting Vivado at Sat Mar  3 00:57:57 2018...
