
*** Running vivado
    with args -log design_1_wrapper.vds -m64 -product Vivado -mode batch -messageDb vivado.pb -notrace -source design_1_wrapper.tcl


****** Vivado v2017.4 (64-bit)
  **** SW Build 2086221 on Fri Dec 15 20:55:39 MST 2017
  **** IP Build 2085800 on Fri Dec 15 22:25:07 MST 2017
    ** Copyright 1986-2017 Xilinx, Inc. All Rights Reserved.

source design_1_wrapper.tcl -notrace
INFO: [IP_Flow 19-234] Refreshing IP repositories
INFO: [IP_Flow 19-1704] No user IP repositories specified
INFO: [IP_Flow 19-2313] Loaded Vivado IP repository 'C:/Xilinx/Vivado/2017.4/data/ip'.
Command: synth_design -top design_1_wrapper -part xc7z010clg400-1
Starting synth_design
Attempting to get a license for feature 'Synthesis' and/or device 'xc7z010'
INFO: [Common 17-349] Got license for feature 'Synthesis' and/or device 'xc7z010'
INFO: Launching helper process for spawning children vivado processes
INFO: Helper process launched with PID 17496 
---------------------------------------------------------------------------------
Starting RTL Elaboration : Time (s): cpu = 00:00:09 ; elapsed = 00:00:11 . Memory (MB): peak = 368.035 ; gain = 104.531
---------------------------------------------------------------------------------
INFO: [Synth 8-638] synthesizing module 'design_1_wrapper' [C:/Users/Jake/Engineering/ZYNQ/AES/AES.srcs/sources_1/bd/design_1/hdl/design_1_wrapper.vhd:23]
INFO: [Synth 8-3491] module 'design_1' declared at 'C:/Users/Jake/Engineering/ZYNQ/AES/AES.srcs/sources_1/bd/design_1/synth/design_1.vhd:14' bound to instance 'design_1_i' of component 'design_1' [C:/Users/Jake/Engineering/ZYNQ/AES/AES.srcs/sources_1/bd/design_1/hdl/design_1_wrapper.vhd:33]
INFO: [Synth 8-638] synthesizing module 'design_1' [C:/Users/Jake/Engineering/ZYNQ/AES/AES.srcs/sources_1/bd/design_1/synth/design_1.vhd:27]
INFO: [Synth 8-3491] module 'design_1_processing_system7_0_0' declared at 'C:/Users/Jake/Engineering/ZYNQ/AES/AES.runs/synth_1/.Xil/Vivado-12088-JakePC/realtime/design_1_processing_system7_0_0_stub.vhdl:5' bound to instance 'processing_system7_0' of component 'design_1_processing_system7_0_0' [C:/Users/Jake/Engineering/ZYNQ/AES/AES.srcs/sources_1/bd/design_1/synth/design_1.vhd:50]
INFO: [Synth 8-638] synthesizing module 'design_1_processing_system7_0_0' [C:/Users/Jake/Engineering/ZYNQ/AES/AES.runs/synth_1/.Xil/Vivado-12088-JakePC/realtime/design_1_processing_system7_0_0_stub.vhdl:16]
INFO: [Synth 8-256] done synthesizing module 'design_1' (1#1) [C:/Users/Jake/Engineering/ZYNQ/AES/AES.srcs/sources_1/bd/design_1/synth/design_1.vhd:27]
INFO: [Synth 8-256] done synthesizing module 'design_1_wrapper' (2#1) [C:/Users/Jake/Engineering/ZYNQ/AES/AES.srcs/sources_1/bd/design_1/hdl/design_1_wrapper.vhd:23]
---------------------------------------------------------------------------------
Finished RTL Elaboration : Time (s): cpu = 00:00:11 ; elapsed = 00:00:13 . Memory (MB): peak = 420.277 ; gain = 156.773
---------------------------------------------------------------------------------

Report Check Netlist: 
+------+------------------+-------+---------+-------+------------------+
|      |Item              |Errors |Warnings |Status |Description       |
+------+------------------+-------+---------+-------+------------------+
|1     |multi_driven_nets |      0|        0|Passed |Multi driven nets |
+------+------------------+-------+---------+-------+------------------+
---------------------------------------------------------------------------------
Finished RTL Optimization Phase 1 : Time (s): cpu = 00:00:11 ; elapsed = 00:00:13 . Memory (MB): peak = 420.277 ; gain = 156.773
---------------------------------------------------------------------------------
INFO: [Device 21-403] Loading part xc7z010clg400-1
INFO: [Project 1-570] Preparing netlist for logic optimization

Processing XDC Constraints
Initializing timing engine
Parsing XDC File [C:/Users/Jake/Engineering/ZYNQ/AES/AES.runs/synth_1/.Xil/Vivado-12088-JakePC/dcp1/design_1_processing_system7_0_0_in_context.xdc] for cell 'design_1_i/processing_system7_0'
Finished Parsing XDC File [C:/Users/Jake/Engineering/ZYNQ/AES/AES.runs/synth_1/.Xil/Vivado-12088-JakePC/dcp1/design_1_processing_system7_0_0_in_context.xdc] for cell 'design_1_i/processing_system7_0'
Parsing XDC File [C:/Users/Jake/Engineering/ZYNQ/AES/AES.srcs/constrs_1/new/rgb.xdc]
Finished Parsing XDC File [C:/Users/Jake/Engineering/ZYNQ/AES/AES.srcs/constrs_1/new/rgb.xdc]
Parsing XDC File [C:/Users/Jake/Engineering/ZYNQ/AES/AES.runs/synth_1/dont_touch.xdc]
Finished Parsing XDC File [C:/Users/Jake/Engineering/ZYNQ/AES/AES.runs/synth_1/dont_touch.xdc]
Completed Processing XDC Constraints

INFO: [Project 1-111] Unisim Transformation Summary:
No Unisim elements were transformed.

Constraint Validation Runtime : Time (s): cpu = 00:00:00 ; elapsed = 00:00:00.010 . Memory (MB): peak = 652.594 ; gain = 0.000
---------------------------------------------------------------------------------
Finished Constraint Validation : Time (s): cpu = 00:00:26 ; elapsed = 00:00:30 . Memory (MB): peak = 652.594 ; gain = 389.090
---------------------------------------------------------------------------------
---------------------------------------------------------------------------------
Start Loading Part and Timing Information
---------------------------------------------------------------------------------
Loading part: xc7z010clg400-1
---------------------------------------------------------------------------------
Finished Loading Part and Timing Information : Time (s): cpu = 00:00:26 ; elapsed = 00:00:30 . Memory (MB): peak = 652.594 ; gain = 389.090
---------------------------------------------------------------------------------
---------------------------------------------------------------------------------
Start Applying 'set_property' XDC Constraints
---------------------------------------------------------------------------------
Applied set_property IO_BUFFER_TYPE = NONE for FIXED_IO_mio[0]. (constraint file  C:/Users/Jake/Engineering/ZYNQ/AES/AES.runs/synth_1/.Xil/Vivado-12088-JakePC/dcp1/design_1_processing_system7_0_0_in_context.xdc, line 1).
Applied set_property CLOCK_BUFFER_TYPE = NONE for FIXED_IO_mio[0]. (constraint file  C:/Users/Jake/Engineering/ZYNQ/AES/AES.runs/synth_1/.Xil/Vivado-12088-JakePC/dcp1/design_1_processing_system7_0_0_in_context.xdc, line 2).
Applied set_property IO_BUFFER_TYPE = NONE for FIXED_IO_mio[10]. (constraint file  C:/Users/Jake/Engineering/ZYNQ/AES/AES.runs/synth_1/.Xil/Vivado-12088-JakePC/dcp1/design_1_processing_system7_0_0_in_context.xdc, line 3).
Applied set_property CLOCK_BUFFER_TYPE = NONE for FIXED_IO_mio[10]. (constraint file  C:/Users/Jake/Engineering/ZYNQ/AES/AES.runs/synth_1/.Xil/Vivado-12088-JakePC/dcp1/design_1_processing_system7_0_0_in_context.xdc, line 4).
Applied set_property IO_BUFFER_TYPE = NONE for FIXED_IO_mio[11]. (constraint file  C:/Users/Jake/Engineering/ZYNQ/AES/AES.runs/synth_1/.Xil/Vivado-12088-JakePC/dcp1/design_1_processing_system7_0_0_in_context.xdc, line 5).
Applied set_property CLOCK_BUFFER_TYPE = NONE for FIXED_IO_mio[11]. (constraint file  C:/Users/Jake/Engineering/ZYNQ/AES/AES.runs/synth_1/.Xil/Vivado-12088-JakePC/dcp1/design_1_processing_system7_0_0_in_context.xdc, line 6).
Applied set_property IO_BUFFER_TYPE = NONE for FIXED_IO_mio[12]. (constraint file  C:/Users/Jake/Engineering/ZYNQ/AES/AES.runs/synth_1/.Xil/Vivado-12088-JakePC/dcp1/design_1_processing_system7_0_0_in_context.xdc, line 7).
Applied set_property CLOCK_BUFFER_TYPE = NONE for FIXED_IO_mio[12]. (constraint file  C:/Users/Jake/Engineering/ZYNQ/AES/AES.runs/synth_1/.Xil/Vivado-12088-JakePC/dcp1/design_1_processing_system7_0_0_in_context.xdc, line 8).
Applied set_property IO_BUFFER_TYPE = NONE for FIXED_IO_mio[13]. (constraint file  C:/Users/Jake/Engineering/ZYNQ/AES/AES.runs/synth_1/.Xil/Vivado-12088-JakePC/dcp1/design_1_processing_system7_0_0_in_context.xdc, line 9).
Applied set_property CLOCK_BUFFER_TYPE = NONE for FIXED_IO_mio[13]. (constraint file  C:/Users/Jake/Engineering/ZYNQ/AES/AES.runs/synth_1/.Xil/Vivado-12088-JakePC/dcp1/design_1_processing_system7_0_0_in_context.xdc, line 10).
Applied set_property IO_BUFFER_TYPE = NONE for FIXED_IO_mio[14]. (constraint file  C:/Users/Jake/Engineering/ZYNQ/AES/AES.runs/synth_1/.Xil/Vivado-12088-JakePC/dcp1/design_1_processing_system7_0_0_in_context.xdc, line 11).
Applied set_property CLOCK_BUFFER_TYPE = NONE for FIXED_IO_mio[14]. (constraint file  C:/Users/Jake/Engineering/ZYNQ/AES/AES.runs/synth_1/.Xil/Vivado-12088-JakePC/dcp1/design_1_processing_system7_0_0_in_context.xdc, line 12).
Applied set_property IO_BUFFER_TYPE = NONE for FIXED_IO_mio[15]. (constraint file  C:/Users/Jake/Engineering/ZYNQ/AES/AES.runs/synth_1/.Xil/Vivado-12088-JakePC/dcp1/design_1_processing_system7_0_0_in_context.xdc, line 13).
Applied set_property CLOCK_BUFFER_TYPE = NONE for FIXED_IO_mio[15]. (constraint file  C:/Users/Jake/Engineering/ZYNQ/AES/AES.runs/synth_1/.Xil/Vivado-12088-JakePC/dcp1/design_1_processing_system7_0_0_in_context.xdc, line 14).
Applied set_property IO_BUFFER_TYPE = NONE for FIXED_IO_mio[16]. (constraint file  C:/Users/Jake/Engineering/ZYNQ/AES/AES.runs/synth_1/.Xil/Vivado-12088-JakePC/dcp1/design_1_processing_system7_0_0_in_context.xdc, line 15).
Applied set_property CLOCK_BUFFER_TYPE = NONE for FIXED_IO_mio[16]. (constraint file  C:/Users/Jake/Engineering/ZYNQ/AES/AES.runs/synth_1/.Xil/Vivado-12088-JakePC/dcp1/design_1_processing_system7_0_0_in_context.xdc, line 16).
Applied set_property IO_BUFFER_TYPE = NONE for FIXED_IO_mio[17]. (constraint file  C:/Users/Jake/Engineering/ZYNQ/AES/AES.runs/synth_1/.Xil/Vivado-12088-JakePC/dcp1/design_1_processing_system7_0_0_in_context.xdc, line 17).
Applied set_property CLOCK_BUFFER_TYPE = NONE for FIXED_IO_mio[17]. (constraint file  C:/Users/Jake/Engineering/ZYNQ/AES/AES.runs/synth_1/.Xil/Vivado-12088-JakePC/dcp1/design_1_processing_system7_0_0_in_context.xdc, line 18).
Applied set_property IO_BUFFER_TYPE = NONE for FIXED_IO_mio[18]. (constraint file  C:/Users/Jake/Engineering/ZYNQ/AES/AES.runs/synth_1/.Xil/Vivado-12088-JakePC/dcp1/design_1_processing_system7_0_0_in_context.xdc, line 19).
Applied set_property CLOCK_BUFFER_TYPE = NONE for FIXED_IO_mio[18]. (constraint file  C:/Users/Jake/Engineering/ZYNQ/AES/AES.runs/synth_1/.Xil/Vivado-12088-JakePC/dcp1/design_1_processing_system7_0_0_in_context.xdc, line 20).
Applied set_property IO_BUFFER_TYPE = NONE for FIXED_IO_mio[19]. (constraint file  C:/Users/Jake/Engineering/ZYNQ/AES/AES.runs/synth_1/.Xil/Vivado-12088-JakePC/dcp1/design_1_processing_system7_0_0_in_context.xdc, line 21).
Applied set_property CLOCK_BUFFER_TYPE = NONE for FIXED_IO_mio[19]. (constraint file  C:/Users/Jake/Engineering/ZYNQ/AES/AES.runs/synth_1/.Xil/Vivado-12088-JakePC/dcp1/design_1_processing_system7_0_0_in_context.xdc, line 22).
Applied set_property IO_BUFFER_TYPE = NONE for FIXED_IO_mio[1]. (constraint file  C:/Users/Jake/Engineering/ZYNQ/AES/AES.runs/synth_1/.Xil/Vivado-12088-JakePC/dcp1/design_1_processing_system7_0_0_in_context.xdc, line 23).
Applied set_property CLOCK_BUFFER_TYPE = NONE for FIXED_IO_mio[1]. (constraint file  C:/Users/Jake/Engineering/ZYNQ/AES/AES.runs/synth_1/.Xil/Vivado-12088-JakePC/dcp1/design_1_processing_system7_0_0_in_context.xdc, line 24).
Applied set_property IO_BUFFER_TYPE = NONE for FIXED_IO_mio[20]. (constraint file  C:/Users/Jake/Engineering/ZYNQ/AES/AES.runs/synth_1/.Xil/Vivado-12088-JakePC/dcp1/design_1_processing_system7_0_0_in_context.xdc, line 25).
Applied set_property CLOCK_BUFFER_TYPE = NONE for FIXED_IO_mio[20]. (constraint file  C:/Users/Jake/Engineering/ZYNQ/AES/AES.runs/synth_1/.Xil/Vivado-12088-JakePC/dcp1/design_1_processing_system7_0_0_in_context.xdc, line 26).
Applied set_property IO_BUFFER_TYPE = NONE for FIXED_IO_mio[21]. (constraint file  C:/Users/Jake/Engineering/ZYNQ/AES/AES.runs/synth_1/.Xil/Vivado-12088-JakePC/dcp1/design_1_processing_system7_0_0_in_context.xdc, line 27).
Applied set_property CLOCK_BUFFER_TYPE = NONE for FIXED_IO_mio[21]. (constraint file  C:/Users/Jake/Engineering/ZYNQ/AES/AES.runs/synth_1/.Xil/Vivado-12088-JakePC/dcp1/design_1_processing_system7_0_0_in_context.xdc, line 28).
Applied set_property IO_BUFFER_TYPE = NONE for FIXED_IO_mio[22]. (constraint file  C:/Users/Jake/Engineering/ZYNQ/AES/AES.runs/synth_1/.Xil/Vivado-12088-JakePC/dcp1/design_1_processing_system7_0_0_in_context.xdc, line 29).
Applied set_property CLOCK_BUFFER_TYPE = NONE for FIXED_IO_mio[22]. (constraint file  C:/Users/Jake/Engineering/ZYNQ/AES/AES.runs/synth_1/.Xil/Vivado-12088-JakePC/dcp1/design_1_processing_system7_0_0_in_context.xdc, line 30).
Applied set_property IO_BUFFER_TYPE = NONE for FIXED_IO_mio[23]. (constraint file  C:/Users/Jake/Engineering/ZYNQ/AES/AES.runs/synth_1/.Xil/Vivado-12088-JakePC/dcp1/design_1_processing_system7_0_0_in_context.xdc, line 31).
Applied set_property CLOCK_BUFFER_TYPE = NONE for FIXED_IO_mio[23]. (constraint file  C:/Users/Jake/Engineering/ZYNQ/AES/AES.runs/synth_1/.Xil/Vivado-12088-JakePC/dcp1/design_1_processing_system7_0_0_in_context.xdc, line 32).
Applied set_property IO_BUFFER_TYPE = NONE for FIXED_IO_mio[24]. (constraint file  C:/Users/Jake/Engineering/ZYNQ/AES/AES.runs/synth_1/.Xil/Vivado-12088-JakePC/dcp1/design_1_processing_system7_0_0_in_context.xdc, line 33).
Applied set_property CLOCK_BUFFER_TYPE = NONE for FIXED_IO_mio[24]. (constraint file  C:/Users/Jake/Engineering/ZYNQ/AES/AES.runs/synth_1/.Xil/Vivado-12088-JakePC/dcp1/design_1_processing_system7_0_0_in_context.xdc, line 34).
Applied set_property IO_BUFFER_TYPE = NONE for FIXED_IO_mio[25]. (constraint file  C:/Users/Jake/Engineering/ZYNQ/AES/AES.runs/synth_1/.Xil/Vivado-12088-JakePC/dcp1/design_1_processing_system7_0_0_in_context.xdc, line 35).
Applied set_property CLOCK_BUFFER_TYPE = NONE for FIXED_IO_mio[25]. (constraint file  C:/Users/Jake/Engineering/ZYNQ/AES/AES.runs/synth_1/.Xil/Vivado-12088-JakePC/dcp1/design_1_processing_system7_0_0_in_context.xdc, line 36).
Applied set_property IO_BUFFER_TYPE = NONE for FIXED_IO_mio[26]. (constraint file  C:/Users/Jake/Engineering/ZYNQ/AES/AES.runs/synth_1/.Xil/Vivado-12088-JakePC/dcp1/design_1_processing_system7_0_0_in_context.xdc, line 37).
Applied set_property CLOCK_BUFFER_TYPE = NONE for FIXED_IO_mio[26]. (constraint file  C:/Users/Jake/Engineering/ZYNQ/AES/AES.runs/synth_1/.Xil/Vivado-12088-JakePC/dcp1/design_1_processing_system7_0_0_in_context.xdc, line 38).
Applied set_property IO_BUFFER_TYPE = NONE for FIXED_IO_mio[27]. (constraint file  C:/Users/Jake/Engineering/ZYNQ/AES/AES.runs/synth_1/.Xil/Vivado-12088-JakePC/dcp1/design_1_processing_system7_0_0_in_context.xdc, line 39).
Applied set_property CLOCK_BUFFER_TYPE = NONE for FIXED_IO_mio[27]. (constraint file  C:/Users/Jake/Engineering/ZYNQ/AES/AES.runs/synth_1/.Xil/Vivado-12088-JakePC/dcp1/design_1_processing_system7_0_0_in_context.xdc, line 40).
Applied set_property IO_BUFFER_TYPE = NONE for FIXED_IO_mio[28]. (constraint file  C:/Users/Jake/Engineering/ZYNQ/AES/AES.runs/synth_1/.Xil/Vivado-12088-JakePC/dcp1/design_1_processing_system7_0_0_in_context.xdc, line 41).
Applied set_property CLOCK_BUFFER_TYPE = NONE for FIXED_IO_mio[28]. (constraint file  C:/Users/Jake/Engineering/ZYNQ/AES/AES.runs/synth_1/.Xil/Vivado-12088-JakePC/dcp1/design_1_processing_system7_0_0_in_context.xdc, line 42).
Applied set_property IO_BUFFER_TYPE = NONE for FIXED_IO_mio[29]. (constraint file  C:/Users/Jake/Engineering/ZYNQ/AES/AES.runs/synth_1/.Xil/Vivado-12088-JakePC/dcp1/design_1_processing_system7_0_0_in_context.xdc, line 43).
Applied set_property CLOCK_BUFFER_TYPE = NONE for FIXED_IO_mio[29]. (constraint file  C:/Users/Jake/Engineering/ZYNQ/AES/AES.runs/synth_1/.Xil/Vivado-12088-JakePC/dcp1/design_1_processing_system7_0_0_in_context.xdc, line 44).
Applied set_property IO_BUFFER_TYPE = NONE for FIXED_IO_mio[2]. (constraint file  C:/Users/Jake/Engineering/ZYNQ/AES/AES.runs/synth_1/.Xil/Vivado-12088-JakePC/dcp1/design_1_processing_system7_0_0_in_context.xdc, line 45).
Applied set_property CLOCK_BUFFER_TYPE = NONE for FIXED_IO_mio[2]. (constraint file  C:/Users/Jake/Engineering/ZYNQ/AES/AES.runs/synth_1/.Xil/Vivado-12088-JakePC/dcp1/design_1_processing_system7_0_0_in_context.xdc, line 46).
Applied set_property IO_BUFFER_TYPE = NONE for FIXED_IO_mio[30]. (constraint file  C:/Users/Jake/Engineering/ZYNQ/AES/AES.runs/synth_1/.Xil/Vivado-12088-JakePC/dcp1/design_1_processing_system7_0_0_in_context.xdc, line 47).
Applied set_property CLOCK_BUFFER_TYPE = NONE for FIXED_IO_mio[30]. (constraint file  C:/Users/Jake/Engineering/ZYNQ/AES/AES.runs/synth_1/.Xil/Vivado-12088-JakePC/dcp1/design_1_processing_system7_0_0_in_context.xdc, line 48).
Applied set_property IO_BUFFER_TYPE = NONE for FIXED_IO_mio[31]. (constraint file  C:/Users/Jake/Engineering/ZYNQ/AES/AES.runs/synth_1/.Xil/Vivado-12088-JakePC/dcp1/design_1_processing_system7_0_0_in_context.xdc, line 49).
Applied set_property CLOCK_BUFFER_TYPE = NONE for FIXED_IO_mio[31]. (constraint file  C:/Users/Jake/Engineering/ZYNQ/AES/AES.runs/synth_1/.Xil/Vivado-12088-JakePC/dcp1/design_1_processing_system7_0_0_in_context.xdc, line 50).
Applied set_property IO_BUFFER_TYPE = NONE for FIXED_IO_mio[32]. (constraint file  C:/Users/Jake/Engineering/ZYNQ/AES/AES.runs/synth_1/.Xil/Vivado-12088-JakePC/dcp1/design_1_processing_system7_0_0_in_context.xdc, line 51).
Applied set_property CLOCK_BUFFER_TYPE = NONE for FIXED_IO_mio[32]. (constraint file  C:/Users/Jake/Engineering/ZYNQ/AES/AES.runs/synth_1/.Xil/Vivado-12088-JakePC/dcp1/design_1_processing_system7_0_0_in_context.xdc, line 52).
Applied set_property IO_BUFFER_TYPE = NONE for FIXED_IO_mio[33]. (constraint file  C:/Users/Jake/Engineering/ZYNQ/AES/AES.runs/synth_1/.Xil/Vivado-12088-JakePC/dcp1/design_1_processing_system7_0_0_in_context.xdc, line 53).
Applied set_property CLOCK_BUFFER_TYPE = NONE for FIXED_IO_mio[33]. (constraint file  C:/Users/Jake/Engineering/ZYNQ/AES/AES.runs/synth_1/.Xil/Vivado-12088-JakePC/dcp1/design_1_processing_system7_0_0_in_context.xdc, line 54).
Applied set_property IO_BUFFER_TYPE = NONE for FIXED_IO_mio[34]. (constraint file  C:/Users/Jake/Engineering/ZYNQ/AES/AES.runs/synth_1/.Xil/Vivado-12088-JakePC/dcp1/design_1_processing_system7_0_0_in_context.xdc, line 55).
Applied set_property CLOCK_BUFFER_TYPE = NONE for FIXED_IO_mio[34]. (constraint file  C:/Users/Jake/Engineering/ZYNQ/AES/AES.runs/synth_1/.Xil/Vivado-12088-JakePC/dcp1/design_1_processing_system7_0_0_in_context.xdc, line 56).
Applied set_property IO_BUFFER_TYPE = NONE for FIXED_IO_mio[35]. (constraint file  C:/Users/Jake/Engineering/ZYNQ/AES/AES.runs/synth_1/.Xil/Vivado-12088-JakePC/dcp1/design_1_processing_system7_0_0_in_context.xdc, line 57).
Applied set_property CLOCK_BUFFER_TYPE = NONE for FIXED_IO_mio[35]. (constraint file  C:/Users/Jake/Engineering/ZYNQ/AES/AES.runs/synth_1/.Xil/Vivado-12088-JakePC/dcp1/design_1_processing_system7_0_0_in_context.xdc, line 58).
Applied set_property IO_BUFFER_TYPE = NONE for FIXED_IO_mio[36]. (constraint file  C:/Users/Jake/Engineering/ZYNQ/AES/AES.runs/synth_1/.Xil/Vivado-12088-JakePC/dcp1/design_1_processing_system7_0_0_in_context.xdc, line 59).
Applied set_property CLOCK_BUFFER_TYPE = NONE for FIXED_IO_mio[36]. (constraint file  C:/Users/Jake/Engineering/ZYNQ/AES/AES.runs/synth_1/.Xil/Vivado-12088-JakePC/dcp1/design_1_processing_system7_0_0_in_context.xdc, line 60).
Applied set_property IO_BUFFER_TYPE = NONE for FIXED_IO_mio[37]. (constraint file  C:/Users/Jake/Engineering/ZYNQ/AES/AES.runs/synth_1/.Xil/Vivado-12088-JakePC/dcp1/design_1_processing_system7_0_0_in_context.xdc, line 61).
Applied set_property CLOCK_BUFFER_TYPE = NONE for FIXED_IO_mio[37]. (constraint file  C:/Users/Jake/Engineering/ZYNQ/AES/AES.runs/synth_1/.Xil/Vivado-12088-JakePC/dcp1/design_1_processing_system7_0_0_in_context.xdc, line 62).
Applied set_property IO_BUFFER_TYPE = NONE for FIXED_IO_mio[38]. (constraint file  C:/Users/Jake/Engineering/ZYNQ/AES/AES.runs/synth_1/.Xil/Vivado-12088-JakePC/dcp1/design_1_processing_system7_0_0_in_context.xdc, line 63).
Applied set_property CLOCK_BUFFER_TYPE = NONE for FIXED_IO_mio[38]. (constraint file  C:/Users/Jake/Engineering/ZYNQ/AES/AES.runs/synth_1/.Xil/Vivado-12088-JakePC/dcp1/design_1_processing_system7_0_0_in_context.xdc, line 64).
Applied set_property IO_BUFFER_TYPE = NONE for FIXED_IO_mio[39]. (constraint file  C:/Users/Jake/Engineering/ZYNQ/AES/AES.runs/synth_1/.Xil/Vivado-12088-JakePC/dcp1/design_1_processing_system7_0_0_in_context.xdc, line 65).
Applied set_property CLOCK_BUFFER_TYPE = NONE for FIXED_IO_mio[39]. (constraint file  C:/Users/Jake/Engineering/ZYNQ/AES/AES.runs/synth_1/.Xil/Vivado-12088-JakePC/dcp1/design_1_processing_system7_0_0_in_context.xdc, line 66).
Applied set_property IO_BUFFER_TYPE = NONE for FIXED_IO_mio[3]. (constraint file  C:/Users/Jake/Engineering/ZYNQ/AES/AES.runs/synth_1/.Xil/Vivado-12088-JakePC/dcp1/design_1_processing_system7_0_0_in_context.xdc, line 67).
Applied set_property CLOCK_BUFFER_TYPE = NONE for FIXED_IO_mio[3]. (constraint file  C:/Users/Jake/Engineering/ZYNQ/AES/AES.runs/synth_1/.Xil/Vivado-12088-JakePC/dcp1/design_1_processing_system7_0_0_in_context.xdc, line 68).
Applied set_property IO_BUFFER_TYPE = NONE for FIXED_IO_mio[40]. (constraint file  C:/Users/Jake/Engineering/ZYNQ/AES/AES.runs/synth_1/.Xil/Vivado-12088-JakePC/dcp1/design_1_processing_system7_0_0_in_context.xdc, line 69).
Applied set_property CLOCK_BUFFER_TYPE = NONE for FIXED_IO_mio[40]. (constraint file  C:/Users/Jake/Engineering/ZYNQ/AES/AES.runs/synth_1/.Xil/Vivado-12088-JakePC/dcp1/design_1_processing_system7_0_0_in_context.xdc, line 70).
Applied set_property IO_BUFFER_TYPE = NONE for FIXED_IO_mio[41]. (constraint file  C:/Users/Jake/Engineering/ZYNQ/AES/AES.runs/synth_1/.Xil/Vivado-12088-JakePC/dcp1/design_1_processing_system7_0_0_in_context.xdc, line 71).
Applied set_property CLOCK_BUFFER_TYPE = NONE for FIXED_IO_mio[41]. (constraint file  C:/Users/Jake/Engineering/ZYNQ/AES/AES.runs/synth_1/.Xil/Vivado-12088-JakePC/dcp1/design_1_processing_system7_0_0_in_context.xdc, line 72).
Applied set_property IO_BUFFER_TYPE = NONE for FIXED_IO_mio[42]. (constraint file  C:/Users/Jake/Engineering/ZYNQ/AES/AES.runs/synth_1/.Xil/Vivado-12088-JakePC/dcp1/design_1_processing_system7_0_0_in_context.xdc, line 73).
Applied set_property CLOCK_BUFFER_TYPE = NONE for FIXED_IO_mio[42]. (constraint file  C:/Users/Jake/Engineering/ZYNQ/AES/AES.runs/synth_1/.Xil/Vivado-12088-JakePC/dcp1/design_1_processing_system7_0_0_in_context.xdc, line 74).
Applied set_property IO_BUFFER_TYPE = NONE for FIXED_IO_mio[43]. (constraint file  C:/Users/Jake/Engineering/ZYNQ/AES/AES.runs/synth_1/.Xil/Vivado-12088-JakePC/dcp1/design_1_processing_system7_0_0_in_context.xdc, line 75).
Applied set_property CLOCK_BUFFER_TYPE = NONE for FIXED_IO_mio[43]. (constraint file  C:/Users/Jake/Engineering/ZYNQ/AES/AES.runs/synth_1/.Xil/Vivado-12088-JakePC/dcp1/design_1_processing_system7_0_0_in_context.xdc, line 76).
Applied set_property IO_BUFFER_TYPE = NONE for FIXED_IO_mio[44]. (constraint file  C:/Users/Jake/Engineering/ZYNQ/AES/AES.runs/synth_1/.Xil/Vivado-12088-JakePC/dcp1/design_1_processing_system7_0_0_in_context.xdc, line 77).
Applied set_property CLOCK_BUFFER_TYPE = NONE for FIXED_IO_mio[44]. (constraint file  C:/Users/Jake/Engineering/ZYNQ/AES/AES.runs/synth_1/.Xil/Vivado-12088-JakePC/dcp1/design_1_processing_system7_0_0_in_context.xdc, line 78).
Applied set_property IO_BUFFER_TYPE = NONE for FIXED_IO_mio[45]. (constraint file  C:/Users/Jake/Engineering/ZYNQ/AES/AES.runs/synth_1/.Xil/Vivado-12088-JakePC/dcp1/design_1_processing_system7_0_0_in_context.xdc, line 79).
Applied set_property CLOCK_BUFFER_TYPE = NONE for FIXED_IO_mio[45]. (constraint file  C:/Users/Jake/Engineering/ZYNQ/AES/AES.runs/synth_1/.Xil/Vivado-12088-JakePC/dcp1/design_1_processing_system7_0_0_in_context.xdc, line 80).
Applied set_property IO_BUFFER_TYPE = NONE for FIXED_IO_mio[46]. (constraint file  C:/Users/Jake/Engineering/ZYNQ/AES/AES.runs/synth_1/.Xil/Vivado-12088-JakePC/dcp1/design_1_processing_system7_0_0_in_context.xdc, line 81).
Applied set_property CLOCK_BUFFER_TYPE = NONE for FIXED_IO_mio[46]. (constraint file  C:/Users/Jake/Engineering/ZYNQ/AES/AES.runs/synth_1/.Xil/Vivado-12088-JakePC/dcp1/design_1_processing_system7_0_0_in_context.xdc, line 82).
Applied set_property IO_BUFFER_TYPE = NONE for FIXED_IO_mio[47]. (constraint file  C:/Users/Jake/Engineering/ZYNQ/AES/AES.runs/synth_1/.Xil/Vivado-12088-JakePC/dcp1/design_1_processing_system7_0_0_in_context.xdc, line 83).
Applied set_property CLOCK_BUFFER_TYPE = NONE for FIXED_IO_mio[47]. (constraint file  C:/Users/Jake/Engineering/ZYNQ/AES/AES.runs/synth_1/.Xil/Vivado-12088-JakePC/dcp1/design_1_processing_system7_0_0_in_context.xdc, line 84).
Applied set_property IO_BUFFER_TYPE = NONE for FIXED_IO_mio[48]. (constraint file  C:/Users/Jake/Engineering/ZYNQ/AES/AES.runs/synth_1/.Xil/Vivado-12088-JakePC/dcp1/design_1_processing_system7_0_0_in_context.xdc, line 85).
Applied set_property CLOCK_BUFFER_TYPE = NONE for FIXED_IO_mio[48]. (constraint file  C:/Users/Jake/Engineering/ZYNQ/AES/AES.runs/synth_1/.Xil/Vivado-12088-JakePC/dcp1/design_1_processing_system7_0_0_in_context.xdc, line 86).
Applied set_property IO_BUFFER_TYPE = NONE for FIXED_IO_mio[49]. (constraint file  C:/Users/Jake/Engineering/ZYNQ/AES/AES.runs/synth_1/.Xil/Vivado-12088-JakePC/dcp1/design_1_processing_system7_0_0_in_context.xdc, line 87).
Applied set_property CLOCK_BUFFER_TYPE = NONE for FIXED_IO_mio[49]. (constraint file  C:/Users/Jake/Engineering/ZYNQ/AES/AES.runs/synth_1/.Xil/Vivado-12088-JakePC/dcp1/design_1_processing_system7_0_0_in_context.xdc, line 88).
Applied set_property IO_BUFFER_TYPE = NONE for FIXED_IO_mio[4]. (constraint file  C:/Users/Jake/Engineering/ZYNQ/AES/AES.runs/synth_1/.Xil/Vivado-12088-JakePC/dcp1/design_1_processing_system7_0_0_in_context.xdc, line 89).
Applied set_property CLOCK_BUFFER_TYPE = NONE for FIXED_IO_mio[4]. (constraint file  C:/Users/Jake/Engineering/ZYNQ/AES/AES.runs/synth_1/.Xil/Vivado-12088-JakePC/dcp1/design_1_processing_system7_0_0_in_context.xdc, line 90).
Applied set_property IO_BUFFER_TYPE = NONE for FIXED_IO_mio[50]. (constraint file  C:/Users/Jake/Engineering/ZYNQ/AES/AES.runs/synth_1/.Xil/Vivado-12088-JakePC/dcp1/design_1_processing_system7_0_0_in_context.xdc, line 91).
Applied set_property CLOCK_BUFFER_TYPE = NONE for FIXED_IO_mio[50]. (constraint file  C:/Users/Jake/Engineering/ZYNQ/AES/AES.runs/synth_1/.Xil/Vivado-12088-JakePC/dcp1/design_1_processing_system7_0_0_in_context.xdc, line 92).
Applied set_property IO_BUFFER_TYPE = NONE for FIXED_IO_mio[51]. (constraint file  C:/Users/Jake/Engineering/ZYNQ/AES/AES.runs/synth_1/.Xil/Vivado-12088-JakePC/dcp1/design_1_processing_system7_0_0_in_context.xdc, line 93).
Applied set_property CLOCK_BUFFER_TYPE = NONE for FIXED_IO_mio[51]. (constraint file  C:/Users/Jake/Engineering/ZYNQ/AES/AES.runs/synth_1/.Xil/Vivado-12088-JakePC/dcp1/design_1_processing_system7_0_0_in_context.xdc, line 94).
Applied set_property IO_BUFFER_TYPE = NONE for FIXED_IO_mio[52]. (constraint file  C:/Users/Jake/Engineering/ZYNQ/AES/AES.runs/synth_1/.Xil/Vivado-12088-JakePC/dcp1/design_1_processing_system7_0_0_in_context.xdc, line 95).
Applied set_property CLOCK_BUFFER_TYPE = NONE for FIXED_IO_mio[52]. (constraint file  C:/Users/Jake/Engineering/ZYNQ/AES/AES.runs/synth_1/.Xil/Vivado-12088-JakePC/dcp1/design_1_processing_system7_0_0_in_context.xdc, line 96).
Applied set_property IO_BUFFER_TYPE = NONE for FIXED_IO_mio[53]. (constraint file  C:/Users/Jake/Engineering/ZYNQ/AES/AES.runs/synth_1/.Xil/Vivado-12088-JakePC/dcp1/design_1_processing_system7_0_0_in_context.xdc, line 97).
Applied set_property CLOCK_BUFFER_TYPE = NONE for FIXED_IO_mio[53]. (constraint file  C:/Users/Jake/Engineering/ZYNQ/AES/AES.runs/synth_1/.Xil/Vivado-12088-JakePC/dcp1/design_1_processing_system7_0_0_in_context.xdc, line 98).
Applied set_property IO_BUFFER_TYPE = NONE for FIXED_IO_mio[5]. (constraint file  C:/Users/Jake/Engineering/ZYNQ/AES/AES.runs/synth_1/.Xil/Vivado-12088-JakePC/dcp1/design_1_processing_system7_0_0_in_context.xdc, line 99).
Applied set_property CLOCK_BUFFER_TYPE = NONE for FIXED_IO_mio[5]. (constraint file  C:/Users/Jake/Engineering/ZYNQ/AES/AES.runs/synth_1/.Xil/Vivado-12088-JakePC/dcp1/design_1_processing_system7_0_0_in_context.xdc, line 100).
Applied set_property IO_BUFFER_TYPE = NONE for FIXED_IO_mio[6]. (constraint file  C:/Users/Jake/Engineering/ZYNQ/AES/AES.runs/synth_1/.Xil/Vivado-12088-JakePC/dcp1/design_1_processing_system7_0_0_in_context.xdc, line 101).
Applied set_property CLOCK_BUFFER_TYPE = NONE for FIXED_IO_mio[6]. (constraint file  C:/Users/Jake/Engineering/ZYNQ/AES/AES.runs/synth_1/.Xil/Vivado-12088-JakePC/dcp1/design_1_processing_system7_0_0_in_context.xdc, line 102).
Applied set_property IO_BUFFER_TYPE = NONE for FIXED_IO_mio[7]. (constraint file  C:/Users/Jake/Engineering/ZYNQ/AES/AES.runs/synth_1/.Xil/Vivado-12088-JakePC/dcp1/design_1_processing_system7_0_0_in_context.xdc, line 103).
Applied set_property CLOCK_BUFFER_TYPE = NONE for FIXED_IO_mio[7]. (constraint file  C:/Users/Jake/Engineering/ZYNQ/AES/AES.runs/synth_1/.Xil/Vivado-12088-JakePC/dcp1/design_1_processing_system7_0_0_in_context.xdc, line 104).
Applied set_property IO_BUFFER_TYPE = NONE for FIXED_IO_mio[8]. (constraint file  C:/Users/Jake/Engineering/ZYNQ/AES/AES.runs/synth_1/.Xil/Vivado-12088-JakePC/dcp1/design_1_processing_system7_0_0_in_context.xdc, line 105).
Applied set_property CLOCK_BUFFER_TYPE = NONE for FIXED_IO_mio[8]. (constraint file  C:/Users/Jake/Engineering/ZYNQ/AES/AES.runs/synth_1/.Xil/Vivado-12088-JakePC/dcp1/design_1_processing_system7_0_0_in_context.xdc, line 106).
Applied set_property IO_BUFFER_TYPE = NONE for FIXED_IO_mio[9]. (constraint file  C:/Users/Jake/Engineering/ZYNQ/AES/AES.runs/synth_1/.Xil/Vivado-12088-JakePC/dcp1/design_1_processing_system7_0_0_in_context.xdc, line 107).
Applied set_property CLOCK_BUFFER_TYPE = NONE for FIXED_IO_mio[9]. (constraint file  C:/Users/Jake/Engineering/ZYNQ/AES/AES.runs/synth_1/.Xil/Vivado-12088-JakePC/dcp1/design_1_processing_system7_0_0_in_context.xdc, line 108).
Applied set_property IO_BUFFER_TYPE = NONE for FIXED_IO_ps_clk. (constraint file  C:/Users/Jake/Engineering/ZYNQ/AES/AES.runs/synth_1/.Xil/Vivado-12088-JakePC/dcp1/design_1_processing_system7_0_0_in_context.xdc, line 109).
Applied set_property CLOCK_BUFFER_TYPE = NONE for FIXED_IO_ps_clk. (constraint file  C:/Users/Jake/Engineering/ZYNQ/AES/AES.runs/synth_1/.Xil/Vivado-12088-JakePC/dcp1/design_1_processing_system7_0_0_in_context.xdc, line 110).
Applied set_property IO_BUFFER_TYPE = NONE for FIXED_IO_ps_porb. (constraint file  C:/Users/Jake/Engineering/ZYNQ/AES/AES.runs/synth_1/.Xil/Vivado-12088-JakePC/dcp1/design_1_processing_system7_0_0_in_context.xdc, line 111).
Applied set_property CLOCK_BUFFER_TYPE = NONE for FIXED_IO_ps_porb. (constraint file  C:/Users/Jake/Engineering/ZYNQ/AES/AES.runs/synth_1/.Xil/Vivado-12088-JakePC/dcp1/design_1_processing_system7_0_0_in_context.xdc, line 112).
Applied set_property IO_BUFFER_TYPE = NONE for FIXED_IO_ps_srstb. (constraint file  C:/Users/Jake/Engineering/ZYNQ/AES/AES.runs/synth_1/.Xil/Vivado-12088-JakePC/dcp1/design_1_processing_system7_0_0_in_context.xdc, line 113).
Applied set_property CLOCK_BUFFER_TYPE = NONE for FIXED_IO_ps_srstb. (constraint file  C:/Users/Jake/Engineering/ZYNQ/AES/AES.runs/synth_1/.Xil/Vivado-12088-JakePC/dcp1/design_1_processing_system7_0_0_in_context.xdc, line 114).
Applied set_property DONT_TOUCH = true for design_1_i. (constraint file  auto generated constraint, line ).
Applied set_property DONT_TOUCH = true for design_1_i/processing_system7_0. (constraint file  auto generated constraint, line ).
---------------------------------------------------------------------------------
Finished applying 'set_property' XDC Constraints : Time (s): cpu = 00:00:27 ; elapsed = 00:00:30 . Memory (MB): peak = 652.594 ; gain = 389.090
---------------------------------------------------------------------------------
---------------------------------------------------------------------------------
Finished RTL Optimization Phase 2 : Time (s): cpu = 00:00:27 ; elapsed = 00:00:30 . Memory (MB): peak = 652.594 ; gain = 389.090
---------------------------------------------------------------------------------

Report RTL Partitions: 
+-+--------------+------------+----------+
| |RTL Partition |Replication |Instances |
+-+--------------+------------+----------+
+-+--------------+------------+----------+
---------------------------------------------------------------------------------
Start RTL Component Statistics 
---------------------------------------------------------------------------------
Detailed RTL Component Info : 
---------------------------------------------------------------------------------
Finished RTL Component Statistics 
---------------------------------------------------------------------------------
---------------------------------------------------------------------------------
Start RTL Hierarchical Component Statistics 
---------------------------------------------------------------------------------
Hierarchical RTL Component report 
---------------------------------------------------------------------------------
Finished RTL Hierarchical Component Statistics
---------------------------------------------------------------------------------
---------------------------------------------------------------------------------
Start Part Resource Summary
---------------------------------------------------------------------------------
Part Resources:
DSPs: 80 (col length:40)
BRAMs: 120 (col length: RAMB18 40 RAMB36 20)
---------------------------------------------------------------------------------
Finished Part Resource Summary
---------------------------------------------------------------------------------
---------------------------------------------------------------------------------
Start Cross Boundary and Area Optimization
---------------------------------------------------------------------------------
---------------------------------------------------------------------------------
Finished Cross Boundary and Area Optimization : Time (s): cpu = 00:00:27 ; elapsed = 00:00:31 . Memory (MB): peak = 652.594 ; gain = 389.090
---------------------------------------------------------------------------------

Report RTL Partitions: 
+-+--------------+------------+----------+
| |RTL Partition |Replication |Instances |
+-+--------------+------------+----------+
+-+--------------+------------+----------+
---------------------------------------------------------------------------------
Start Applying XDC Timing Constraints
---------------------------------------------------------------------------------
---------------------------------------------------------------------------------
Finished Applying XDC Timing Constraints : Time (s): cpu = 00:00:40 ; elapsed = 00:00:44 . Memory (MB): peak = 725.598 ; gain = 462.094
---------------------------------------------------------------------------------
---------------------------------------------------------------------------------
Start Timing Optimization
---------------------------------------------------------------------------------
---------------------------------------------------------------------------------
Finished Timing Optimization : Time (s): cpu = 00:00:40 ; elapsed = 00:00:44 . Memory (MB): peak = 725.598 ; gain = 462.094
---------------------------------------------------------------------------------

Report RTL Partitions: 
+-+--------------+------------+----------+
| |RTL Partition |Replication |Instances |
+-+--------------+------------+----------+
+-+--------------+------------+----------+
---------------------------------------------------------------------------------
Start Technology Mapping
---------------------------------------------------------------------------------
---------------------------------------------------------------------------------
Finished Technology Mapping : Time (s): cpu = 00:00:40 ; elapsed = 00:00:44 . Memory (MB): peak = 735.129 ; gain = 471.625
---------------------------------------------------------------------------------

Report RTL Partitions: 
+-+--------------+------------+----------+
| |RTL Partition |Replication |Instances |
+-+--------------+------------+----------+
+-+--------------+------------+----------+
---------------------------------------------------------------------------------
Start IO Insertion
---------------------------------------------------------------------------------
---------------------------------------------------------------------------------
Start Flattening Before IO Insertion
---------------------------------------------------------------------------------
---------------------------------------------------------------------------------
Finished Flattening Before IO Insertion
---------------------------------------------------------------------------------
---------------------------------------------------------------------------------
Start Final Netlist Cleanup
---------------------------------------------------------------------------------
---------------------------------------------------------------------------------
Finished Final Netlist Cleanup
---------------------------------------------------------------------------------
---------------------------------------------------------------------------------
Finished IO Insertion : Time (s): cpu = 00:00:41 ; elapsed = 00:00:45 . Memory (MB): peak = 735.129 ; gain = 471.625
---------------------------------------------------------------------------------

Report Check Netlist: 
+------+------------------+-------+---------+-------+------------------+
|      |Item              |Errors |Warnings |Status |Description       |
+------+------------------+-------+---------+-------+------------------+
|1     |multi_driven_nets |      0|        0|Passed |Multi driven nets |
+------+------------------+-------+---------+-------+------------------+
---------------------------------------------------------------------------------
Start Renaming Generated Instances
---------------------------------------------------------------------------------
---------------------------------------------------------------------------------
Finished Renaming Generated Instances : Time (s): cpu = 00:00:41 ; elapsed = 00:00:45 . Memory (MB): peak = 735.129 ; gain = 471.625
---------------------------------------------------------------------------------

Report RTL Partitions: 
+-+--------------+------------+----------+
| |RTL Partition |Replication |Instances |
+-+--------------+------------+----------+
+-+--------------+------------+----------+
---------------------------------------------------------------------------------
Start Rebuilding User Hierarchy
---------------------------------------------------------------------------------
---------------------------------------------------------------------------------
Finished Rebuilding User Hierarchy : Time (s): cpu = 00:00:41 ; elapsed = 00:00:45 . Memory (MB): peak = 735.129 ; gain = 471.625
---------------------------------------------------------------------------------
---------------------------------------------------------------------------------
Start Renaming Generated Ports
---------------------------------------------------------------------------------
---------------------------------------------------------------------------------
Finished Renaming Generated Ports : Time (s): cpu = 00:00:41 ; elapsed = 00:00:45 . Memory (MB): peak = 735.129 ; gain = 471.625
---------------------------------------------------------------------------------
---------------------------------------------------------------------------------
Start Handling Custom Attributes
---------------------------------------------------------------------------------
---------------------------------------------------------------------------------
Finished Handling Custom Attributes : Time (s): cpu = 00:00:41 ; elapsed = 00:00:45 . Memory (MB): peak = 735.129 ; gain = 471.625
---------------------------------------------------------------------------------
---------------------------------------------------------------------------------
Start Renaming Generated Nets
---------------------------------------------------------------------------------
---------------------------------------------------------------------------------
Finished Renaming Generated Nets : Time (s): cpu = 00:00:41 ; elapsed = 00:00:45 . Memory (MB): peak = 735.129 ; gain = 471.625
---------------------------------------------------------------------------------
---------------------------------------------------------------------------------
Start Writing Synthesis Report
---------------------------------------------------------------------------------

Report BlackBoxes: 
+------+--------------------------------+----------+
|      |BlackBox name                   |Instances |
+------+--------------------------------+----------+
|1     |design_1_processing_system7_0_0 |         1|
+------+--------------------------------+----------+

Report Cell Usage: 
+------+---------------------------------------+------+
|      |Cell                                   |Count |
+------+---------------------------------------+------+
|1     |design_1_processing_system7_0_0_bbox_0 |     1|
+------+---------------------------------------+------+

Report Instance Areas: 
+------+-------------+---------+------+
|      |Instance     |Module   |Cells |
+------+-------------+---------+------+
|1     |top          |         |     1|
|2     |  design_1_i |design_1 |     1|
+------+-------------+---------+------+
---------------------------------------------------------------------------------
Finished Writing Synthesis Report : Time (s): cpu = 00:00:41 ; elapsed = 00:00:45 . Memory (MB): peak = 735.129 ; gain = 471.625
---------------------------------------------------------------------------------
Synthesis finished with 0 errors, 0 critical warnings and 0 warnings.
Synthesis Optimization Runtime : Time (s): cpu = 00:00:22 ; elapsed = 00:00:36 . Memory (MB): peak = 735.129 ; gain = 239.309
Synthesis Optimization Complete : Time (s): cpu = 00:00:41 ; elapsed = 00:00:45 . Memory (MB): peak = 735.129 ; gain = 471.625
INFO: [Project 1-571] Translating synthesized netlist
INFO: [Project 1-570] Preparing netlist for logic optimization
INFO: [Opt 31-138] Pushed 0 inverter(s) to 0 load pin(s).
INFO: [Project 1-111] Unisim Transformation Summary:
No Unisim elements were transformed.

INFO: [Common 17-83] Releasing license: Synthesis
19 Infos, 0 Warnings, 0 Critical Warnings and 0 Errors encountered.
synth_design completed successfully
synth_design: Time (s): cpu = 00:00:43 ; elapsed = 00:00:50 . Memory (MB): peak = 747.742 ; gain = 491.988
INFO: [Common 17-1381] The checkpoint 'C:/Users/Jake/Engineering/ZYNQ/AES/AES.runs/synth_1/design_1_wrapper.dcp' has been generated.
INFO: [runtcl-4] Executing : report_utilization -file design_1_wrapper_utilization_synth.rpt -pb design_1_wrapper_utilization_synth.pb
report_utilization: Time (s): cpu = 00:00:00 ; elapsed = 00:00:00.022 . Memory (MB): peak = 747.742 ; gain = 0.000
INFO: [Common 17-206] Exiting Vivado at Sun Feb 18 16:54:46 2018...
